Arguments: 
  C:\Program Files\nodejs\node.exe C:\Users\User\AppData\Roaming\npm\node_modules\yarn\bin\yarn.js add babel-core babel-loader babel-preset-react babel-preset-wnv --dev

PATH: 
  C:\Program Files (x86)\Microsoft SDKs\Azdata\CLI\wbin;C:\Program Files\Common Files\Oracle\Java\javapath;C:\Windows\system32;C:\Windows;C:\Windows\System32\Wbem;C:\Windows\System32\WindowsPowerShell\v1.0\;C:\Windows\System32\OpenSSH\;C:\Program Files (x86)\NVIDIA Corporation\PhysX\Common;C:\Program Files\nodejs\;C:\ProgramData\chocolatey\bin;C:\Program Files\Java\jdk-17\bin;C:\Program Files\Microsoft SQL Server\130\Tools\Binn\;C:\Program Files\Microsoft SQL Server\Client SDK\ODBC\170\Tools\Binn\;C:\Program Files (x86)\dotnet\;C:\Program Files (x86)\Microsoft SQL Server\150\Tools\Binn\;C:\Program Files\Microsoft SQL Server\150\Tools\Binn\;C:\Program Files\Microsoft SQL Server\150\DTS\Binn\;C:\Program Files\Microsoft VS Code\bin;C:\Program Files (x86)\Microsoft SQL Server\150\DTS\Binn\;D:\LINGO64_19\;C:\Program Files\NVIDIA Corporation\Nsight Compute 2021.3.0\;C:\Program Files\dotnet\;C:\Program Files\Git\cmd;C:\Program Files (x86)\Rational\common;C:\Users\User\anaconda3;C:\Users\User\anaconda3\Library\mingw-w64\bin;C:\Users\User\anaconda3\Library\usr\bin;C:\Users\User\anaconda3\Library\bin;C:\Users\User\anaconda3\Scripts;C:\Program Files\MySQL\MySQL Shell 8.0\bin\;C:\Users\User\AppData\Local\Microsoft\WindowsApps;C:\Program Files\JetBrains\WebStorm 2021.2.2\bin;;C:\Program Files\JetBrains\PyCharm 2021.2.2\bin;;C:\Users\User\AppData\Roaming\npm;C:\Users\User\.dotnet\tools;C:\Program Files (x86)\GitHub CLI\;C:\Users\User\AppData\Local\GitHubDesktop\bin;C:\Users\User\AppData\Local\Programs\Azure Data Studio\bin;C:\Program Files\Azure Data Studio\bin;C:\Program Files\JetBrains\DataGrip 2021.2.4\bin;;C:\Program Files\JetBrains\JetBrains Rider 2021.2.2\bin;

Yarn version: 
  1.22.17

Node version: 
  16.10.0

Platform: 
  win32 x64

Trace: 
  Error: https://registry.yarnpkg.com/babel-preset-wnv: Not found
      at Request.params.callback [as _callback] (C:\Users\User\AppData\Roaming\npm\node_modules\yarn\lib\cli.js:67029:18)
      at Request.self.callback (C:\Users\User\AppData\Roaming\npm\node_modules\yarn\lib\cli.js:140883:22)
      at Request.emit (node:events:390:28)
      at Request.<anonymous> (C:\Users\User\AppData\Roaming\npm\node_modules\yarn\lib\cli.js:141855:10)
      at Request.emit (node:events:390:28)
      at IncomingMessage.<anonymous> (C:\Users\User\AppData\Roaming\npm\node_modules\yarn\lib\cli.js:141777:12)
      at Object.onceWrapper (node:events:509:28)
      at IncomingMessage.emit (node:events:402:35)
      at endReadableNT (node:internal/streams/readable:1343:12)
      at processTicksAndRejections (node:internal/process/task_queues:83:21)

npm manifest: 
  {
    "name": "myexpressapp",
    "version": "0.0.0",
    "private": true,
    "scripts": {
      "start": "node ./bin/www",
      "dev": "nodemon ./bin/www",
      "webpack": "webpack --config ./webpack.config.js"
    },
    "dependencies": {
      "cookie-parser": "~1.4.4",
      "debug": "~2.6.9",
      "express": "~4.16.1",
      "http-errors": "~1.6.3",
      "morgan": "^1.10.0",
      "pug": "2.0.0-beta11"
    },
    "main": "app.js",
    "repository": "https://github.com/erikh22l18/The_Proyect.git",
    "author": "Erikh22l18 <e_2019100825C@uncp.edu.pe> & ",
    "license": "MIT",
    "devDependencies": {
      "nodemon": "^2.0.15",
      "webpack": "^5.64.1",
      "webpack-cli": "^4.9.1",
      "react": "^17.0.2",
      "react-dom": "^17.0.2"
    }
  }

yarn manifest: 
  No manifest

Lockfile: 
  # THIS IS AN AUTOGENERATED FILE. DO NOT EDIT THIS FILE DIRECTLY.
  # yarn lockfile v1
  
  
  "@discoveryjs/json-ext@^0.5.0":
    version "0.5.5"
    resolved "https://registry.npmjs.org/@discoveryjs/json-ext/-/json-ext-0.5.5.tgz"
    integrity sha512-6nFkfkmSeV/rqSaS4oWHgmpnYw194f6hmWF5is6b0J1naJZoiD0NTc9AiUwPHvWsowkjuHErCZT1wa0jg+BLIA==
  
  "@sindresorhus/is@^0.14.0":
    version "0.14.0"
    resolved "https://registry.npmjs.org/@sindresorhus/is/-/is-0.14.0.tgz"
    integrity sha512-9NET910DNaIPngYnLLPeg+Ogzqsi9uM4mSboU5y6p8S5DzMTVEsJZrawi+BoDNUVBa2DhJqQYUFvMDfgU062LQ==
  
  "@szmarczak/http-timer@^1.1.2":
    version "1.1.2"
    resolved "https://registry.npmjs.org/@szmarczak/http-timer/-/http-timer-1.1.2.tgz"
    integrity sha512-XIB2XbzHTN6ieIjfIMV9hlVcfPU26s2vafYWQcZHWXHOxiaRZYEDKEwdl129Zyg50+foYV2jCgtrqSA6qNuNSA==
    dependencies:
      defer-to-connect "^1.0.1"
  
  "@types/babel-types@*", "@types/babel-types@^7.0.0":
    version "7.0.11"
    resolved "https://registry.npmjs.org/@types/babel-types/-/babel-types-7.0.11.tgz"
    integrity sha512-pkPtJUUY+Vwv6B1inAz55rQvivClHJxc9aVEPPmaq2cbyeMLCiDpbKpcKyX4LAwpNGi+SHBv0tHv6+0gXv0P2A==
  
  "@types/babylon@^6.16.2":
    version "6.16.6"
    resolved "https://registry.npmjs.org/@types/babylon/-/babylon-6.16.6.tgz"
    integrity sha512-G4yqdVlhr6YhzLXFKy5F7HtRBU8Y23+iWy7UKthMq/OSQnL1hbsoeXESQ2LY8zEDlknipDG3nRGhUC9tkwvy/w==
    dependencies:
      "@types/babel-types" "*"
  
  "@types/eslint-scope@^3.7.0":
    version "3.7.1"
    resolved "https://registry.npmjs.org/@types/eslint-scope/-/eslint-scope-3.7.1.tgz"
    integrity sha512-SCFeogqiptms4Fg29WpOTk5nHIzfpKCemSN63ksBQYKTcXoJEmJagV+DhVmbapZzY4/5YaOV1nZwrsU79fFm1g==
    dependencies:
      "@types/eslint" "*"
      "@types/estree" "*"
  
  "@types/eslint@*":
    version "8.2.0"
    resolved "https://registry.npmjs.org/@types/eslint/-/eslint-8.2.0.tgz"
    integrity sha512-74hbvsnc+7TEDa1z5YLSe4/q8hGYB3USNvCuzHUJrjPV6hXaq8IXcngCrHkuvFt0+8rFz7xYXrHgNayIX0UZvQ==
    dependencies:
      "@types/estree" "*"
      "@types/json-schema" "*"
  
  "@types/estree@*", "@types/estree@^0.0.50":
    version "0.0.50"
    resolved "https://registry.npmjs.org/@types/estree/-/estree-0.0.50.tgz"
    integrity sha512-C6N5s2ZFtuZRj54k2/zyRhNDjJwwcViAM3Nbm8zjBpbqAdZ00mr0CFxvSKeO8Y/e03WVFLpQMdHYVfUd6SB+Hw==
  
  "@types/json-schema@*", "@types/json-schema@^7.0.8":
    version "7.0.9"
    resolved "https://registry.npmjs.org/@types/json-schema/-/json-schema-7.0.9.tgz"
    integrity sha512-qcUXuemtEu+E5wZSJHNxUXeCZhAfXKQ41D+duX+VYPde7xyEVZci+/oXKJL13tnRs9lR2pr4fod59GT6/X1/yQ==
  
  "@types/node@*":
    version "16.11.9"
    resolved "https://registry.npmjs.org/@types/node/-/node-16.11.9.tgz"
    integrity sha512-MKmdASMf3LtPzwLyRrFjtFFZ48cMf8jmX5VRYrDQiJa8Ybu5VAmkqBWqKU8fdCwD8ysw4mQ9nrEHvzg6gunR7A==
  
  "@webassemblyjs/ast@1.11.1":
    version "1.11.1"
    resolved "https://registry.npmjs.org/@webassemblyjs/ast/-/ast-1.11.1.tgz"
    integrity sha512-ukBh14qFLjxTQNTXocdyksN5QdM28S1CxHt2rdskFyL+xFV7VremuBLVbmCePj+URalXBENx/9Lm7lnhihtCSw==
    dependencies:
      "@webassemblyjs/helper-numbers" "1.11.1"
      "@webassemblyjs/helper-wasm-bytecode" "1.11.1"
  
  "@webassemblyjs/floating-point-hex-parser@1.11.1":
    version "1.11.1"
    resolved "https://registry.npmjs.org/@webassemblyjs/floating-point-hex-parser/-/floating-point-hex-parser-1.11.1.tgz"
    integrity sha512-iGRfyc5Bq+NnNuX8b5hwBrRjzf0ocrJPI6GWFodBFzmFnyvrQ83SHKhmilCU/8Jv67i4GJZBMhEzltxzcNagtQ==
  
  "@webassemblyjs/helper-api-error@1.11.1":
    version "1.11.1"
    resolved "https://registry.npmjs.org/@webassemblyjs/helper-api-error/-/helper-api-error-1.11.1.tgz"
    integrity sha512-RlhS8CBCXfRUR/cwo2ho9bkheSXG0+NwooXcc3PAILALf2QLdFyj7KGsKRbVc95hZnhnERon4kW/D3SZpp6Tcg==
  
  "@webassemblyjs/helper-buffer@1.11.1":
    version "1.11.1"
    resolved "https://registry.npmjs.org/@webassemblyjs/helper-buffer/-/helper-buffer-1.11.1.tgz"
    integrity sha512-gwikF65aDNeeXa8JxXa2BAk+REjSyhrNC9ZwdT0f8jc4dQQeDQ7G4m0f2QCLPJiMTTO6wfDmRmj/pW0PsUvIcA==
  
  "@webassemblyjs/helper-numbers@1.11.1":
    version "1.11.1"
    resolved "https://registry.npmjs.org/@webassemblyjs/helper-numbers/-/helper-numbers-1.11.1.tgz"
    integrity sha512-vDkbxiB8zfnPdNK9Rajcey5C0w+QJugEglN0of+kmO8l7lDb77AnlKYQF7aarZuCrv+l0UvqL+68gSDr3k9LPQ==
    dependencies:
      "@webassemblyjs/floating-point-hex-parser" "1.11.1"
      "@webassemblyjs/helper-api-error" "1.11.1"
      "@xtuc/long" "4.2.2"
  
  "@webassemblyjs/helper-wasm-bytecode@1.11.1":
    version "1.11.1"
    resolved "https://registry.npmjs.org/@webassemblyjs/helper-wasm-bytecode/-/helper-wasm-bytecode-1.11.1.tgz"
    integrity sha512-PvpoOGiJwXeTrSf/qfudJhwlvDQxFgelbMqtq52WWiXC6Xgg1IREdngmPN3bs4RoO83PnL/nFrxucXj1+BX62Q==
  
  "@webassemblyjs/helper-wasm-section@1.11.1":
    version "1.11.1"
    resolved "https://registry.npmjs.org/@webassemblyjs/helper-wasm-section/-/helper-wasm-section-1.11.1.tgz"
    integrity sha512-10P9No29rYX1j7F3EVPX3JvGPQPae+AomuSTPiF9eBQeChHI6iqjMIwR9JmOJXwpnn/oVGDk7I5IlskuMwU/pg==
    dependencies:
      "@webassemblyjs/ast" "1.11.1"
      "@webassemblyjs/helper-buffer" "1.11.1"
      "@webassemblyjs/helper-wasm-bytecode" "1.11.1"
      "@webassemblyjs/wasm-gen" "1.11.1"
  
  "@webassemblyjs/ieee754@1.11.1":
    version "1.11.1"
    resolved "https://registry.npmjs.org/@webassemblyjs/ieee754/-/ieee754-1.11.1.tgz"
    integrity sha512-hJ87QIPtAMKbFq6CGTkZYJivEwZDbQUgYd3qKSadTNOhVY7p+gfP6Sr0lLRVTaG1JjFj+r3YchoqRYxNH3M0GQ==
    dependencies:
      "@xtuc/ieee754" "^1.2.0"
  
  "@webassemblyjs/leb128@1.11.1":
    version "1.11.1"
    resolved "https://registry.npmjs.org/@webassemblyjs/leb128/-/leb128-1.11.1.tgz"
    integrity sha512-BJ2P0hNZ0u+Th1YZXJpzW6miwqQUGcIHT1G/sf72gLVD9DZ5AdYTqPNbHZh6K1M5VmKvFXwGSWZADz+qBWxeRw==
    dependencies:
      "@xtuc/long" "4.2.2"
  
  "@webassemblyjs/utf8@1.11.1":
    version "1.11.1"
    resolved "https://registry.npmjs.org/@webassemblyjs/utf8/-/utf8-1.11.1.tgz"
    integrity sha512-9kqcxAEdMhiwQkHpkNiorZzqpGrodQQ2IGrHHxCy+Ozng0ofyMA0lTqiLkVs1uzTRejX+/O0EOT7KxqVPuXosQ==
  
  "@webassemblyjs/wasm-edit@1.11.1":
    version "1.11.1"
    resolved "https://registry.npmjs.org/@webassemblyjs/wasm-edit/-/wasm-edit-1.11.1.tgz"
    integrity sha512-g+RsupUC1aTHfR8CDgnsVRVZFJqdkFHpsHMfJuWQzWU3tvnLC07UqHICfP+4XyL2tnr1amvl1Sdp06TnYCmVkA==
    dependencies:
      "@webassemblyjs/ast" "1.11.1"
      "@webassemblyjs/helper-buffer" "1.11.1"
      "@webassemblyjs/helper-wasm-bytecode" "1.11.1"
      "@webassemblyjs/helper-wasm-section" "1.11.1"
      "@webassemblyjs/wasm-gen" "1.11.1"
      "@webassemblyjs/wasm-opt" "1.11.1"
      "@webassemblyjs/wasm-parser" "1.11.1"
      "@webassemblyjs/wast-printer" "1.11.1"
  
  "@webassemblyjs/wasm-gen@1.11.1":
    version "1.11.1"
    resolved "https://registry.npmjs.org/@webassemblyjs/wasm-gen/-/wasm-gen-1.11.1.tgz"
    integrity sha512-F7QqKXwwNlMmsulj6+O7r4mmtAlCWfO/0HdgOxSklZfQcDu0TpLiD1mRt/zF25Bk59FIjEuGAIyn5ei4yMfLhA==
    dependencies:
      "@webassemblyjs/ast" "1.11.1"
      "@webassemblyjs/helper-wasm-bytecode" "1.11.1"
      "@webassemblyjs/ieee754" "1.11.1"
      "@webassemblyjs/leb128" "1.11.1"
      "@webassemblyjs/utf8" "1.11.1"
  
  "@webassemblyjs/wasm-opt@1.11.1":
    version "1.11.1"
    resolved "https://registry.npmjs.org/@webassemblyjs/wasm-opt/-/wasm-opt-1.11.1.tgz"
    integrity sha512-VqnkNqnZlU5EB64pp1l7hdm3hmQw7Vgqa0KF/KCNO9sIpI6Fk6brDEiX+iCOYrvMuBWDws0NkTOxYEb85XQHHw==
    dependencies:
      "@webassemblyjs/ast" "1.11.1"
      "@webassemblyjs/helper-buffer" "1.11.1"
      "@webassemblyjs/wasm-gen" "1.11.1"
      "@webassemblyjs/wasm-parser" "1.11.1"
  
  "@webassemblyjs/wasm-parser@1.11.1":
    version "1.11.1"
    resolved "https://registry.npmjs.org/@webassemblyjs/wasm-parser/-/wasm-parser-1.11.1.tgz"
    integrity sha512-rrBujw+dJu32gYB7/Lup6UhdkPx9S9SnobZzRVL7VcBH9Bt9bCBLEuX/YXOOtBsOZ4NQrRykKhffRWHvigQvOA==
    dependencies:
      "@webassemblyjs/ast" "1.11.1"
      "@webassemblyjs/helper-api-error" "1.11.1"
      "@webassemblyjs/helper-wasm-bytecode" "1.11.1"
      "@webassemblyjs/ieee754" "1.11.1"
      "@webassemblyjs/leb128" "1.11.1"
      "@webassemblyjs/utf8" "1.11.1"
  
  "@webassemblyjs/wast-printer@1.11.1":
    version "1.11.1"
    resolved "https://registry.npmjs.org/@webassemblyjs/wast-printer/-/wast-printer-1.11.1.tgz"
    integrity sha512-IQboUWM4eKzWW+N/jij2sRatKMh99QEelo3Eb2q0qXkvPRISAj8Qxtmw5itwqK+TTkBuUIE45AxYPToqPtL5gg==
    dependencies:
      "@webassemblyjs/ast" "1.11.1"
      "@xtuc/long" "4.2.2"
  
  "@webpack-cli/configtest@^1.1.0":
    version "1.1.0"
    resolved "https://registry.npmjs.org/@webpack-cli/configtest/-/configtest-1.1.0.tgz"
    integrity sha512-ttOkEkoalEHa7RaFYpM0ErK1xc4twg3Am9hfHhL7MVqlHebnkYd2wuI/ZqTDj0cVzZho6PdinY0phFZV3O0Mzg==
  
  "@webpack-cli/info@^1.4.0":
    version "1.4.0"
    resolved "https://registry.npmjs.org/@webpack-cli/info/-/info-1.4.0.tgz"
    integrity sha512-F6b+Man0rwE4n0409FyAJHStYA5OIZERxmnUfLVwv0mc0V1wLad3V7jqRlMkgKBeAq07jUvglacNaa6g9lOpuw==
    dependencies:
      envinfo "^7.7.3"
  
  "@webpack-cli/serve@^1.6.0":
    version "1.6.0"
    resolved "https://registry.npmjs.org/@webpack-cli/serve/-/serve-1.6.0.tgz"
    integrity sha512-ZkVeqEmRpBV2GHvjjUZqEai2PpUbuq8Bqd//vEYsp63J8WyexI8ppCqVS3Zs0QADf6aWuPdU+0XsPI647PVlQA==
  
  "@xtuc/ieee754@^1.2.0":
    version "1.2.0"
    resolved "https://registry.npmjs.org/@xtuc/ieee754/-/ieee754-1.2.0.tgz"
    integrity sha512-DX8nKgqcGwsc0eJSqYt5lwP4DH5FlHnmuWWBRy7X0NcaGR0ZtuyeESgMwTYVEtxmsNGY+qit4QYT/MIYTOTPeA==
  
  "@xtuc/long@4.2.2":
    version "4.2.2"
    resolved "https://registry.npmjs.org/@xtuc/long/-/long-4.2.2.tgz"
    integrity sha512-NuHqBY1PB/D8xU6s/thBgOAiAP7HOYDQ32+BFZILJ8ivkUkAHQnWfn6WhL79Owj1qmUnoN/YPhktdIoucipkAQ==
  
  abbrev@1:
    version "1.1.1"
    resolved "https://registry.npmjs.org/abbrev/-/abbrev-1.1.1.tgz"
    integrity sha512-nne9/IiQ/hzIhY6pdDnbBtz7DjPTKrY00P/zvPSm5pOFkl6xuGrGnXn/VtTNNfNtAfZ9/1RtehkszU9qcTii0Q==
  
  accepts@~1.3.5:
    version "1.3.7"
    resolved "https://registry.npmjs.org/accepts/-/accepts-1.3.7.tgz"
    integrity sha512-Il80Qs2WjYlJIBNzNkK6KYqlVMTbZLXgHx2oT0pU/fjRHyEp+PEfEPY0R3WCwAGVOtauxh1hOxNgIf5bv7dQpA==
    dependencies:
      mime-types "~2.1.24"
      negotiator "0.6.2"
  
  acorn-globals@^3.0.0:
    version "3.1.0"
    resolved "https://registry.npmjs.org/acorn-globals/-/acorn-globals-3.1.0.tgz"
    integrity sha1-/YJw9x+7SZawBPqIDuXUZXOnMb8=
    dependencies:
      acorn "^4.0.4"
  
  acorn-import-assertions@^1.7.6:
    version "1.8.0"
    resolved "https://registry.npmjs.org/acorn-import-assertions/-/acorn-import-assertions-1.8.0.tgz"
    integrity sha512-m7VZ3jwz4eK6A4Vtt8Ew1/mNbP24u0FhdyfA7fSvnJR6LMdfOYnmuIrrJAgrYfYJ10F/otaHTtrtrtmHdMNzEw==
  
  acorn@^3.1.0:
    version "3.3.0"
    resolved "https://registry.npmjs.org/acorn/-/acorn-3.3.0.tgz"
    integrity sha1-ReN/s56No/JbruP/U2niu18iAXo=
  
  acorn@^4.0.4, acorn@~4.0.2:
    version "4.0.13"
    resolved "https://registry.npmjs.org/acorn/-/acorn-4.0.13.tgz"
    integrity sha1-EFSVrlNh1pe9GVyCUZLhrX8lN4c=
  
  acorn@^8.4.1:
    version "8.6.0"
    resolved "https://registry.npmjs.org/acorn/-/acorn-8.6.0.tgz"
    integrity sha512-U1riIR+lBSNi3IbxtaHOIKdH8sLFv3NYfNv8sg7ZsNhcfl4HF2++BfqqrNAxoCLQW1iiylOj76ecnaUxz+z9yw==
  
  ajv-keywords@^3.5.2:
    version "3.5.2"
    resolved "https://registry.npmjs.org/ajv-keywords/-/ajv-keywords-3.5.2.tgz"
    integrity sha512-5p6WTN0DdTGVQk6VjcEju19IgaHudalcfabD7yhDGeA6bcQnmL+CpveLJq/3hvfwd1aof6L386Ougkx6RfyMIQ==
  
  ajv@^6.12.5:
    version "6.12.6"
    resolved "https://registry.npmjs.org/ajv/-/ajv-6.12.6.tgz"
    integrity sha512-j3fVLgvTo527anyYyJOGTYJbG+vnnQYvE0m5mmkc1TK+nxAppkCLMIL0aZ4dblVCNoGShhm+kzE4ZUykBoMg4g==
    dependencies:
      fast-deep-equal "^3.1.1"
      fast-json-stable-stringify "^2.0.0"
      json-schema-traverse "^0.4.1"
      uri-js "^4.2.2"
  
  align-text@^0.1.1, align-text@^0.1.3:
    version "0.1.4"
    resolved "https://registry.npmjs.org/align-text/-/align-text-0.1.4.tgz"
    integrity sha1-DNkKVhCT810KmSVsIrcGlDP60Rc=
    dependencies:
      kind-of "^3.0.2"
      longest "^1.0.1"
      repeat-string "^1.5.2"
  
  amdefine@>=0.0.4:
    version "1.0.1"
    resolved "https://registry.npmjs.org/amdefine/-/amdefine-1.0.1.tgz"
    integrity sha1-SlKCrBZHKek2Gbz9OtFR+BfOkfU=
  
  ansi-align@^3.0.0:
    version "3.0.1"
    resolved "https://registry.npmjs.org/ansi-align/-/ansi-align-3.0.1.tgz"
    integrity sha512-IOfwwBF5iczOjp/WeY4YxyjqAFMQoZufdQWDd19SEExbVLNXqvpzSJ/M7Za4/sCPmQ0+GRquoA7bGcINcxew6w==
    dependencies:
      string-width "^4.1.0"
  
  ansi-regex@^5.0.1:
    version "5.0.1"
    resolved "https://registry.npmjs.org/ansi-regex/-/ansi-regex-5.0.1.tgz"
    integrity sha512-quJQXlTSUGL2LH9SUXo8VwsY4soanhgo6LNSm84E1LBcE8s3O0wpdiRzyR9z/ZZJMlMWv37qOOb9pdJlMUEKFQ==
  
  ansi-styles@^4.0.0, ansi-styles@^4.1.0:
    version "4.3.0"
    resolved "https://registry.npmjs.org/ansi-styles/-/ansi-styles-4.3.0.tgz"
    integrity sha512-zbB9rCJAT1rbjiVDb2hqKFHNYLxgtk8NURxZ3IZwD3F6NtxbXZQCnnSi1Lkx+IDohdPlFp222wVALIheZJQSEg==
    dependencies:
      color-convert "^2.0.1"
  
  anymatch@~3.1.2:
    version "3.1.2"
    resolved "https://registry.npmjs.org/anymatch/-/anymatch-3.1.2.tgz"
    integrity sha512-P43ePfOAIupkguHUycrc4qJ9kz8ZiuOUijaETwX7THt0Y/GNK7v0aa8rY816xWjZ7rJdA5XdMcpVFTKMq+RvWg==
    dependencies:
      normalize-path "^3.0.0"
      picomatch "^2.0.4"
  
  array-flatten@1.1.1:
    version "1.1.1"
    resolved "https://registry.npmjs.org/array-flatten/-/array-flatten-1.1.1.tgz"
    integrity sha1-ml9pkFGx5wczKPKgCJaLZOopVdI=
  
  asap@~2.0.3:
    version "2.0.6"
    resolved "https://registry.npmjs.org/asap/-/asap-2.0.6.tgz"
    integrity sha1-5QNHYR1+aQlDIIu9r+vLwvuGbUY=
  
  babel-runtime@^6.26.0:
    version "6.26.0"
    resolved "https://registry.npmjs.org/babel-runtime/-/babel-runtime-6.26.0.tgz"
    integrity sha1-llxwWGaOgrVde/4E/yM3vItWR/4=
    dependencies:
      core-js "^2.4.0"
      regenerator-runtime "^0.11.0"
  
  babel-types@^6.26.0:
    version "6.26.0"
    resolved "https://registry.npmjs.org/babel-types/-/babel-types-6.26.0.tgz"
    integrity sha1-o7Bz+Uq0nrb6Vc1lInozQ4BjJJc=
    dependencies:
      babel-runtime "^6.26.0"
      esutils "^2.0.2"
      lodash "^4.17.4"
      to-fast-properties "^1.0.3"
  
  babylon@^6.18.0:
    version "6.18.0"
    resolved "https://registry.npmjs.org/babylon/-/babylon-6.18.0.tgz"
    integrity sha512-q/UEjfGJ2Cm3oKV71DJz9d25TPnq5rhBVL2Q4fA5wcC3jcrdn7+SssEybFIxwAvvP+YCsCYNKughoF33GxgycQ==
  
  balanced-match@^1.0.0:
    version "1.0.2"
    resolved "https://registry.npmjs.org/balanced-match/-/balanced-match-1.0.2.tgz"
    integrity sha512-3oSeUO0TMV67hN1AmbXsK4yaqU7tjiHlbxRDZOpH0KW9+CeX4bRAaX0Anxt0tx2MrpRpWwQaPwIlISEJhYU5Pw==
  
  basic-auth@~2.0.1:
    version "2.0.1"
    resolved "https://registry.npmjs.org/basic-auth/-/basic-auth-2.0.1.tgz"
    integrity sha512-NF+epuEdnUYVlGuhaxbbq+dvJttwLnGY+YixlXlME5KpQ5W3CnXA5cVTneY3SPbPDRkcjMbifrwmFYcClgOZeg==
    dependencies:
      safe-buffer "5.1.2"
  
  binary-extensions@^2.0.0:
    version "2.2.0"
    resolved "https://registry.npmjs.org/binary-extensions/-/binary-extensions-2.2.0.tgz"
    integrity sha512-jDctJ/IVQbZoJykoeHbhXpOlNBqGNcwXJKJog42E5HDPUwQTSdjCHdihjj0DlnheQ7blbT6dHOafNAiS8ooQKA==
  
  body-parser@1.18.3:
    version "1.18.3"
    resolved "https://registry.npmjs.org/body-parser/-/body-parser-1.18.3.tgz"
    integrity sha1-WykhmP/dVTs6DyDe0FkrlWlVyLQ=
    dependencies:
      bytes "3.0.0"
      content-type "~1.0.4"
      debug "2.6.9"
      depd "~1.1.2"
      http-errors "~1.6.3"
      iconv-lite "0.4.23"
      on-finished "~2.3.0"
      qs "6.5.2"
      raw-body "2.3.3"
      type-is "~1.6.16"
  
  boxen@^5.0.0:
    version "5.1.2"
    resolved "https://registry.npmjs.org/boxen/-/boxen-5.1.2.tgz"
    integrity sha512-9gYgQKXx+1nP8mP7CzFyaUARhg7D3n1dF/FnErWmu9l6JvGpNUN278h0aSb+QjoiKSWG+iZ3uHrcqk0qrY9RQQ==
    dependencies:
      ansi-align "^3.0.0"
      camelcase "^6.2.0"
      chalk "^4.1.0"
      cli-boxes "^2.2.1"
      string-width "^4.2.2"
      type-fest "^0.20.2"
      widest-line "^3.1.0"
      wrap-ansi "^7.0.0"
  
  brace-expansion@^1.1.7:
    version "1.1.11"
    resolved "https://registry.npmjs.org/brace-expansion/-/brace-expansion-1.1.11.tgz"
    integrity sha512-iCuPHDFgrHX7H2vEI/5xpz07zSHB00TpugqhmYtVmMO6518mCuRMoOYFldEBl0g187ufozdaHgWKcYFb61qGiA==
    dependencies:
      balanced-match "^1.0.0"
      concat-map "0.0.1"
  
  braces@~3.0.2:
    version "3.0.2"
    resolved "https://registry.npmjs.org/braces/-/braces-3.0.2.tgz"
    integrity sha512-b8um+L1RzM3WDSzvhm6gIz1yfTbBt6YTlcEKAvsmqCZZFw46z626lVj9j1yEPW33H5H+lBQpZMP1k8l+78Ha0A==
    dependencies:
      fill-range "^7.0.1"
  
  browserslist@^4.14.5:
    version "4.18.1"
    resolved "https://registry.npmjs.org/browserslist/-/browserslist-4.18.1.tgz"
    integrity sha512-8ScCzdpPwR2wQh8IT82CA2VgDwjHyqMovPBZSNH54+tm4Jk2pCuv90gmAdH6J84OCRWi0b4gMe6O6XPXuJnjgQ==
    dependencies:
      caniuse-lite "^1.0.30001280"
      electron-to-chromium "^1.3.896"
      escalade "^3.1.1"
      node-releases "^2.0.1"
      picocolors "^1.0.0"
  
  buffer-from@^1.0.0:
    version "1.1.2"
    resolved "https://registry.npmjs.org/buffer-from/-/buffer-from-1.1.2.tgz"
    integrity sha512-E+XQCRwSbaaiChtv6k6Dwgc+bx+Bs6vuKJHHl5kox/BaKbhiXzqQOwK4cO22yElGp2OCmjwVhT3HmxgyPGnJfQ==
  
  bytes@3.0.0:
    version "3.0.0"
    resolved "https://registry.npmjs.org/bytes/-/bytes-3.0.0.tgz"
    integrity sha1-0ygVQE1olpn4Wk6k+odV3ROpYEg=
  
  cacheable-request@^6.0.0:
    version "6.1.0"
    resolved "https://registry.npmjs.org/cacheable-request/-/cacheable-request-6.1.0.tgz"
    integrity sha512-Oj3cAGPCqOZX7Rz64Uny2GYAZNliQSqfbePrgAQ1wKAihYmCUnraBtJtKcGR4xz7wF+LoJC+ssFZvv5BgF9Igg==
    dependencies:
      clone-response "^1.0.2"
      get-stream "^5.1.0"
      http-cache-semantics "^4.0.0"
      keyv "^3.0.0"
      lowercase-keys "^2.0.0"
      normalize-url "^4.1.0"
      responselike "^1.0.2"
  
  call-bind@^1.0.2:
    version "1.0.2"
    resolved "https://registry.npmjs.org/call-bind/-/call-bind-1.0.2.tgz"
    integrity sha512-7O+FbCihrB5WGbFYesctwmTKae6rOiIzmz1icreWJ+0aA7LJfuqhEso2T9ncpcFtzMQtzXf2QGGueWJGTYsqrA==
    dependencies:
      function-bind "^1.1.1"
      get-intrinsic "^1.0.2"
  
  camelcase@^1.0.2:
    version "1.2.1"
    resolved "https://registry.npmjs.org/camelcase/-/camelcase-1.2.1.tgz"
    integrity sha1-m7UwTS4LVmmLLHWLCKPqqdqlijk=
  
  camelcase@^6.2.0:
    version "6.2.1"
    resolved "https://registry.npmjs.org/camelcase/-/camelcase-6.2.1.tgz"
    integrity sha512-tVI4q5jjFV5CavAU8DXfza/TJcZutVKo/5Foskmsqcm0MsL91moHvwiGNnqaa2o6PF/7yT5ikDRcVcl8Rj6LCA==
  
  caniuse-lite@^1.0.30001280:
    version "1.0.30001282"
    resolved "https://registry.npmjs.org/caniuse-lite/-/caniuse-lite-1.0.30001282.tgz"
    integrity sha512-YhF/hG6nqBEllymSIjLtR2iWDDnChvhnVJqp+vloyt2tEHFG1yBR+ac2B/rOw0qOK0m0lEXU2dv4E/sMk5P9Kg==
  
  center-align@^0.1.1:
    version "0.1.3"
    resolved "https://registry.npmjs.org/center-align/-/center-align-0.1.3.tgz"
    integrity sha1-qg0yYptu6XIgBBHL1EYckHvCt60=
    dependencies:
      align-text "^0.1.3"
      lazy-cache "^1.0.3"
  
  chalk@^4.1.0:
    version "4.1.2"
    resolved "https://registry.npmjs.org/chalk/-/chalk-4.1.2.tgz"
    integrity sha512-oKnbhFyRIXpUuez8iBMmyEa4nbj4IOQyuhc/wy9kY7/WVPcwIO9VA668Pu8RkO7+0G76SLROeyw9CpQ061i4mA==
    dependencies:
      ansi-styles "^4.1.0"
      supports-color "^7.1.0"
  
  character-parser@^2.1.1:
    version "2.2.0"
    resolved "https://registry.npmjs.org/character-parser/-/character-parser-2.2.0.tgz"
    integrity sha1-x84o821LzZdE5f/CxfzeHHMmH8A=
    dependencies:
      is-regex "^1.0.3"
  
  chokidar@^3.5.2:
    version "3.5.2"
    resolved "https://registry.npmjs.org/chokidar/-/chokidar-3.5.2.tgz"
    integrity sha512-ekGhOnNVPgT77r4K/U3GDhu+FQ2S8TnK/s2KbIGXi0SZWuwkZ2QNyfWdZW+TVfn84DpEP7rLeCt2UI6bJ8GwbQ==
    dependencies:
      anymatch "~3.1.2"
      braces "~3.0.2"
      glob-parent "~5.1.2"
      is-binary-path "~2.1.0"
      is-glob "~4.0.1"
      normalize-path "~3.0.0"
      readdirp "~3.6.0"
    optionalDependencies:
      fsevents "~2.3.2"
  
  chrome-trace-event@^1.0.2:
    version "1.0.3"
    resolved "https://registry.npmjs.org/chrome-trace-event/-/chrome-trace-event-1.0.3.tgz"
    integrity sha512-p3KULyQg4S7NIHixdwbGX+nFHkoBiA4YQmyWtjb8XngSKV124nJmRysgAeujbUVb15vh+RvFUfCPqU7rXk+hZg==
  
  ci-info@^2.0.0:
    version "2.0.0"
    resolved "https://registry.npmjs.org/ci-info/-/ci-info-2.0.0.tgz"
    integrity sha512-5tK7EtrZ0N+OLFMthtqOj4fI2Jeb88C4CAZPu25LDVUgXJ0A3Js4PMGqrn0JU1W0Mh1/Z8wZzYPxqUrXeBboCQ==
  
  clean-css@^3.3.0:
    version "3.4.28"
    resolved "https://registry.npmjs.org/clean-css/-/clean-css-3.4.28.tgz"
    integrity sha1-vxlF6C/ICPVWlebd6uwBQA79A/8=
    dependencies:
      commander "2.8.x"
      source-map "0.4.x"
  
  cli-boxes@^2.2.1:
    version "2.2.1"
    resolved "https://registry.npmjs.org/cli-boxes/-/cli-boxes-2.2.1.tgz"
    integrity sha512-y4coMcylgSCdVinjiDBuR8PCC2bLjyGTwEmPb9NHR/QaNU6EUOXcTY/s6VjGMD6ENSEaeQYHCY0GNGS5jfMwPw==
  
  cliui@^2.1.0:
    version "2.1.0"
    resolved "https://registry.npmjs.org/cliui/-/cliui-2.1.0.tgz"
    integrity sha1-S0dXYP+AJkx2LDoXGQMukcf+oNE=
    dependencies:
      center-align "^0.1.1"
      right-align "^0.1.1"
      wordwrap "0.0.2"
  
  clone-deep@^4.0.1:
    version "4.0.1"
    resolved "https://registry.npmjs.org/clone-deep/-/clone-deep-4.0.1.tgz"
    integrity sha512-neHB9xuzh/wk0dIHweyAXv2aPGZIVk3pLMe+/RNzINf17fe0OG96QroktYAUm7SM1PBnzTabaLboqqxDyMU+SQ==
    dependencies:
      is-plain-object "^2.0.4"
      kind-of "^6.0.2"
      shallow-clone "^3.0.0"
  
  clone-response@^1.0.2:
    version "1.0.2"
    resolved "https://registry.npmjs.org/clone-response/-/clone-response-1.0.2.tgz"
    integrity sha1-0dyXOSAxTfZ/vrlCI7TuNQI56Ws=
    dependencies:
      mimic-response "^1.0.0"
  
  color-convert@^2.0.1:
    version "2.0.1"
    resolved "https://registry.npmjs.org/color-convert/-/color-convert-2.0.1.tgz"
    integrity sha512-RRECPsj7iu/xb5oKYcsFHSppFNnsj/52OVTRKb4zP5onXwVF3zVmmToNcOfGC+CRDpfK/U584fMg38ZHCaElKQ==
    dependencies:
      color-name "~1.1.4"
  
  color-name@~1.1.4:
    version "1.1.4"
    resolved "https://registry.npmjs.org/color-name/-/color-name-1.1.4.tgz"
    integrity sha512-dOy+3AuW3a2wNbZHIuMZpTcgjGuLU/uBL/ubcZF9OXbDo8ff4O8yVp5Bf0efS8uEoYo5q4Fx7dY9OgQGXgAsQA==
  
  colorette@^2.0.14:
    version "2.0.16"
    resolved "https://registry.npmjs.org/colorette/-/colorette-2.0.16.tgz"
    integrity sha512-hUewv7oMjCp+wkBv5Rm0v87eJhq4woh5rSR+42YSQJKecCqgIqNkZ6lAlQms/BwHPJA5NKMRlpxPRv0n8HQW6g==
  
  commander@2.8.x:
    version "2.8.1"
    resolved "https://registry.npmjs.org/commander/-/commander-2.8.1.tgz"
    integrity sha1-Br42f+v9oMMwqh4qBy09yXYkJdQ=
    dependencies:
      graceful-readlink ">= 1.0.0"
  
  commander@^2.20.0:
    version "2.20.3"
    resolved "https://registry.npmjs.org/commander/-/commander-2.20.3.tgz"
    integrity sha512-GpVkmM8vF2vQUkj2LvZmD35JxeJOLCwJ9cUkugyk2nuhbv3+mJvpLYYt+0+USMxE+oj+ey/lJEnhZw75x/OMcQ==
  
  commander@^7.0.0:
    version "7.2.0"
    resolved "https://registry.npmjs.org/commander/-/commander-7.2.0.tgz"
    integrity sha512-QrWXB+ZQSVPmIWIhtEO9H+gwHaMGYiF5ChvoJ+K9ZGHG/sVsa6yiesAD1GC/x46sET00Xlwo1u49RVVVzvcSkw==
  
  concat-map@0.0.1:
    version "0.0.1"
    resolved "https://registry.npmjs.org/concat-map/-/concat-map-0.0.1.tgz"
    integrity sha1-2Klr13/Wjfd5OnMDajug1UBdR3s=
  
  configstore@^5.0.1:
    version "5.0.1"
    resolved "https://registry.npmjs.org/configstore/-/configstore-5.0.1.tgz"
    integrity sha512-aMKprgk5YhBNyH25hj8wGt2+D52Sw1DRRIzqBwLp2Ya9mFmY8KPvvtvmna8SxVR9JMZ4kzMD68N22vlaRpkeFA==
    dependencies:
      dot-prop "^5.2.0"
      graceful-fs "^4.1.2"
      make-dir "^3.0.0"
      unique-string "^2.0.0"
      write-file-atomic "^3.0.0"
      xdg-basedir "^4.0.0"
  
  constantinople@^3.0.1:
    version "3.1.2"
    resolved "https://registry.npmjs.org/constantinople/-/constantinople-3.1.2.tgz"
    integrity sha512-yePcBqEFhLOqSBtwYOGGS1exHo/s1xjekXiinh4itpNQGCu4KA1euPh1fg07N2wMITZXQkBz75Ntdt1ctGZouw==
    dependencies:
      "@types/babel-types" "^7.0.0"
      "@types/babylon" "^6.16.2"
      babel-types "^6.26.0"
      babylon "^6.18.0"
  
  content-disposition@0.5.2:
    version "0.5.2"
    resolved "https://registry.npmjs.org/content-disposition/-/content-disposition-0.5.2.tgz"
    integrity sha1-DPaLud318r55YcOoUXjLhdunjLQ=
  
  content-type@~1.0.4:
    version "1.0.4"
    resolved "https://registry.npmjs.org/content-type/-/content-type-1.0.4.tgz"
    integrity sha512-hIP3EEPs8tB9AT1L+NUqtwOAps4mk2Zob89MWXMHjHWg9milF/j4osnnQLXBCBFBk/tvIG/tUc9mOUJiPBhPXA==
  
  cookie-parser@~1.4.4:
    version "1.4.6"
    resolved "https://registry.npmjs.org/cookie-parser/-/cookie-parser-1.4.6.tgz"
    integrity sha512-z3IzaNjdwUC2olLIB5/ITd0/setiaFMLYiZJle7xg5Fe9KWAceil7xszYfHHBtDFYLSgJduS2Ty0P1uJdPDJeA==
    dependencies:
      cookie "0.4.1"
      cookie-signature "1.0.6"
  
  cookie-signature@1.0.6:
    version "1.0.6"
    resolved "https://registry.npmjs.org/cookie-signature/-/cookie-signature-1.0.6.tgz"
    integrity sha1-4wOogrNCzD7oylE6eZmXNNqzriw=
  
  cookie@0.3.1:
    version "0.3.1"
    resolved "https://registry.npmjs.org/cookie/-/cookie-0.3.1.tgz"
    integrity sha1-5+Ch+e9DtMi6klxcWpboBtFoc7s=
  
  cookie@0.4.1:
    version "0.4.1"
    resolved "https://registry.npmjs.org/cookie/-/cookie-0.4.1.tgz"
    integrity sha512-ZwrFkGJxUR3EIoXtO+yVE69Eb7KlixbaeAWfBQB9vVsNn/o+Yw69gBWSSDK825hQNdN+wF8zELf3dFNl/kxkUA==
  
  core-js@^2.4.0:
    version "2.6.12"
    resolved "https://registry.npmjs.org/core-js/-/core-js-2.6.12.tgz"
    integrity sha512-Kb2wC0fvsWfQrgk8HU5lW6U/Lcs8+9aaYcy4ZFc6DDlo4nZ7n70dEgE5rtR0oG6ufKDUnrwfWL1mXR5ljDatrQ==
  
  cross-spawn@^7.0.3:
    version "7.0.3"
    resolved "https://registry.npmjs.org/cross-spawn/-/cross-spawn-7.0.3.tgz"
    integrity sha512-iRDPJKUPVEND7dHPO8rkbOnPpyDygcDFtWjpeWNCgy8WP2rXcxXL8TskReQl6OrB2G7+UJrags1q15Fudc7G6w==
    dependencies:
      path-key "^3.1.0"
      shebang-command "^2.0.0"
      which "^2.0.1"
  
  crypto-random-string@^2.0.0:
    version "2.0.0"
    resolved "https://registry.npmjs.org/crypto-random-string/-/crypto-random-string-2.0.0.tgz"
    integrity sha512-v1plID3y9r/lPhviJ1wrXpLeyUIGAZ2SHNYTEapm7/8A9nLPoyvVp3RK/EPFqn5kEznyWgYZNsRtYYIWbuG8KA==
  
  debug@2.6.9, debug@~2.6.9:
    version "2.6.9"
    resolved "https://registry.npmjs.org/debug/-/debug-2.6.9.tgz"
    integrity sha512-bC7ElrdJaJnPbAP+1EotYvqZsb3ecl5wi6Bfi6BJTUcNowp6cvspg0jXznRTKDjm/E7AdgFBVeAPVMNcKGsHMA==
    dependencies:
      ms "2.0.0"
  
  debug@^3.2.7:
    version "3.2.7"
    resolved "https://registry.npmjs.org/debug/-/debug-3.2.7.tgz"
    integrity sha512-CFjzYYAi4ThfiQvizrFQevTTXHtnCqWfe7x1AhgEscTz6ZbLbfoLRLPugTQyBth6f8ZERVUSyWHFD/7Wu4t1XQ==
    dependencies:
      ms "^2.1.1"
  
  decamelize@^1.0.0:
    version "1.2.0"
    resolved "https://registry.npmjs.org/decamelize/-/decamelize-1.2.0.tgz"
    integrity sha1-9lNNFRSCabIDUue+4m9QH5oZEpA=
  
  decompress-response@^3.3.0:
    version "3.3.0"
    resolved "https://registry.npmjs.org/decompress-response/-/decompress-response-3.3.0.tgz"
    integrity sha1-gKTdMjdIOEv6JICDYirt7Jgq3/M=
    dependencies:
      mimic-response "^1.0.0"
  
  deep-extend@^0.6.0:
    version "0.6.0"
    resolved "https://registry.npmjs.org/deep-extend/-/deep-extend-0.6.0.tgz"
    integrity sha512-LOHxIOaPYdHlJRtCQfDIVZtfw/ufM8+rVj649RIHzcm/vGwQRXFt6OPqIFWsm2XEMrNIEtWR64sY1LEKD2vAOA==
  
  defer-to-connect@^1.0.1:
    version "1.1.3"
    resolved "https://registry.npmjs.org/defer-to-connect/-/defer-to-connect-1.1.3.tgz"
    integrity sha512-0ISdNousHvZT2EiFlZeZAHBUvSxmKswVCEf8hW7KWgG4a8MVEu/3Vb6uWYozkjylyCxe0JBIiRB1jV45S70WVQ==
  
  depd@~1.1.2:
    version "1.1.2"
    resolved "https://registry.npmjs.org/depd/-/depd-1.1.2.tgz"
    integrity sha1-m81S4UwJd2PnSbJ0xDRu0uVgtak=
  
  depd@~2.0.0:
    version "2.0.0"
    resolved "https://registry.npmjs.org/depd/-/depd-2.0.0.tgz"
    integrity sha512-g7nH6P6dyDioJogAAGprGpCtVImJhpPk/roCzdb3fIh61/s/nPsfR6onyMwkCAR/OlC3yBC0lESvUoQEAssIrw==
  
  destroy@~1.0.4:
    version "1.0.4"
    resolved "https://registry.npmjs.org/destroy/-/destroy-1.0.4.tgz"
    integrity sha1-l4hXRCxEdJ5CBmE+N5RiBYJqvYA=
  
  doctypes@^1.1.0:
    version "1.1.0"
    resolved "https://registry.npmjs.org/doctypes/-/doctypes-1.1.0.tgz"
    integrity sha1-6oCxBqh1OHdOijpKWv4pPeSJ4Kk=
  
  dot-prop@^5.2.0:
    version "5.3.0"
    resolved "https://registry.npmjs.org/dot-prop/-/dot-prop-5.3.0.tgz"
    integrity sha512-QM8q3zDe58hqUqjraQOmzZ1LIH9SWQJTlEKCH4kJ2oQvLZk7RbQXvtDM2XEq3fwkV9CCvvH4LA0AV+ogFsBM2Q==
    dependencies:
      is-obj "^2.0.0"
  
  duplexer3@^0.1.4:
    version "0.1.4"
    resolved "https://registry.npmjs.org/duplexer3/-/duplexer3-0.1.4.tgz"
    integrity sha1-7gHdHKwO08vH/b6jfcCo8c4ALOI=
  
  ee-first@1.1.1:
    version "1.1.1"
    resolved "https://registry.npmjs.org/ee-first/-/ee-first-1.1.1.tgz"
    integrity sha1-WQxhFWsK4vTwJVcyoViyZrxWsh0=
  
  electron-to-chromium@^1.3.896:
    version "1.3.903"
    resolved "https://registry.npmjs.org/electron-to-chromium/-/electron-to-chromium-1.3.903.tgz"
    integrity sha512-+PnYAyniRRTkNq56cqYDLq9LyklZYk0hqoDy9GpcU11H5QjRmFZVDbxtgHUMK/YzdNTcn1XWP5gb+hFlSCr20g==
  
  emoji-regex@^8.0.0:
    version "8.0.0"
    resolved "https://registry.npmjs.org/emoji-regex/-/emoji-regex-8.0.0.tgz"
    integrity sha512-MSjYzcWNOA0ewAHpz0MxpYFvwg6yjy1NG3xteoqz644VCo/RPgnr1/GGt+ic3iJTzQ8Eu3TdM14SawnVUmGE6A==
  
  encodeurl@~1.0.2:
    version "1.0.2"
    resolved "https://registry.npmjs.org/encodeurl/-/encodeurl-1.0.2.tgz"
    integrity sha1-rT/0yG7C0CkyL1oCw6mmBslbP1k=
  
  end-of-stream@^1.1.0:
    version "1.4.4"
    resolved "https://registry.npmjs.org/end-of-stream/-/end-of-stream-1.4.4.tgz"
    integrity sha512-+uw1inIHVPQoaVuHzRyXd21icM+cnt4CzD5rW+NC1wjOUSTOs+Te7FOv7AhN7vS9x/oIyhLP5PR1H+phQAHu5Q==
    dependencies:
      once "^1.4.0"
  
  enhanced-resolve@^5.8.3:
    version "5.8.3"
    resolved "https://registry.npmjs.org/enhanced-resolve/-/enhanced-resolve-5.8.3.tgz"
    integrity sha512-EGAbGvH7j7Xt2nc0E7D99La1OiEs8LnyimkRgwExpUMScN6O+3x9tIWs7PLQZVNx4YD+00skHXPXi1yQHpAmZA==
    dependencies:
      graceful-fs "^4.2.4"
      tapable "^2.2.0"
  
  envinfo@^7.7.3:
    version "7.8.1"
    resolved "https://registry.npmjs.org/envinfo/-/envinfo-7.8.1.tgz"
    integrity sha512-/o+BXHmB7ocbHEAs6F2EnG0ogybVVUdkRunTT2glZU9XAaGmhqskrvKwqXuDfNjEO0LZKWdejEEpnq8aM0tOaw==
  
  es-module-lexer@^0.9.0:
    version "0.9.3"
    resolved "https://registry.npmjs.org/es-module-lexer/-/es-module-lexer-0.9.3.tgz"
    integrity sha512-1HQ2M2sPtxwnvOvT1ZClHyQDiggdNjURWpY2we6aMKCQiUVxTmVs2UYPLIrD84sS+kMdUwfBSylbJPwNnBrnHQ==
  
  escalade@^3.1.1:
    version "3.1.1"
    resolved "https://registry.npmjs.org/escalade/-/escalade-3.1.1.tgz"
    integrity sha512-k0er2gUkLf8O0zKJiAhmkTnJlTvINGv7ygDNPbeIsX/TJjGJZHuh9B2UxbsaEkmlEo9MfhrSzmhIlhRlI2GXnw==
  
  escape-goat@^2.0.0:
    version "2.1.1"
    resolved "https://registry.npmjs.org/escape-goat/-/escape-goat-2.1.1.tgz"
    integrity sha512-8/uIhbG12Csjy2JEW7D9pHbreaVaS/OpN3ycnyvElTdwM5n6GY6W6e2IPemfvGZeUMqZ9A/3GqIZMgKnBhAw/Q==
  
  escape-html@~1.0.3:
    version "1.0.3"
    resolved "https://registry.npmjs.org/escape-html/-/escape-html-1.0.3.tgz"
    integrity sha1-Aljq5NPQwJdN4cFpGI7wBR0dGYg=
  
  eslint-scope@5.1.1:
    version "5.1.1"
    resolved "https://registry.npmjs.org/eslint-scope/-/eslint-scope-5.1.1.tgz"
    integrity sha512-2NxwbF/hZ0KpepYN0cNbo+FN6XoK7GaHlQhgx/hIZl6Va0bF45RQOOwhLIy8lQDbuCiadSLCBnH2CFYquit5bw==
    dependencies:
      esrecurse "^4.3.0"
      estraverse "^4.1.1"
  
  esrecurse@^4.3.0:
    version "4.3.0"
    resolved "https://registry.npmjs.org/esrecurse/-/esrecurse-4.3.0.tgz"
    integrity sha512-KmfKL3b6G+RXvP8N1vr3Tq1kL/oCFgn2NYXEtqP8/L3pKapUA4G8cFVaoF3SU323CD4XypR/ffioHmkti6/Tag==
    dependencies:
      estraverse "^5.2.0"
  
  estraverse@^4.1.1:
    version "4.3.0"
    resolved "https://registry.npmjs.org/estraverse/-/estraverse-4.3.0.tgz"
    integrity sha512-39nnKffWz8xN1BU/2c79n9nB9HDzo0niYUqx6xyqUnyoAnQyyWpOTdZEeiCch8BBu515t4wp9ZmgVfVhn9EBpw==
  
  estraverse@^5.2.0:
    version "5.3.0"
    resolved "https://registry.npmjs.org/estraverse/-/estraverse-5.3.0.tgz"
    integrity sha512-MMdARuVEQziNTeJD8DgMqmhwR11BRQ/cBP+pLtYdSTnf3MIO8fFeiINEbX36ZdNlfU/7A9f3gUw49B3oQsvwBA==
  
  esutils@^2.0.2:
    version "2.0.3"
    resolved "https://registry.npmjs.org/esutils/-/esutils-2.0.3.tgz"
    integrity sha512-kVscqXk4OCp68SZ0dkgEKVi6/8ij300KBWTJq32P/dYeWTSwK41WyTxalN1eRmA5Z9UU/LX9D7FWSmV9SAYx6g==
  
  etag@~1.8.1:
    version "1.8.1"
    resolved "https://registry.npmjs.org/etag/-/etag-1.8.1.tgz"
    integrity sha1-Qa4u62XvpiJorr/qg6x9eSmbCIc=
  
  events@^3.2.0:
    version "3.3.0"
    resolved "https://registry.npmjs.org/events/-/events-3.3.0.tgz"
    integrity sha512-mQw+2fkQbALzQ7V0MY0IqdnXNOeTtP4r0lN9z7AAawCXgqea7bDii20AYrIBrFd/Hx0M2Ocz6S111CaFkUcb0Q==
  
  execa@^5.0.0:
    version "5.1.1"
    resolved "https://registry.npmjs.org/execa/-/execa-5.1.1.tgz"
    integrity sha512-8uSpZZocAZRBAPIEINJj3Lo9HyGitllczc27Eh5YYojjMFMn8yHMDMaUHE2Jqfq05D/wucwI4JGURyXt1vchyg==
    dependencies:
      cross-spawn "^7.0.3"
      get-stream "^6.0.0"
      human-signals "^2.1.0"
      is-stream "^2.0.0"
      merge-stream "^2.0.0"
      npm-run-path "^4.0.1"
      onetime "^5.1.2"
      signal-exit "^3.0.3"
      strip-final-newline "^2.0.0"
  
  express@~4.16.1:
    version "4.16.4"
    resolved "https://registry.npmjs.org/express/-/express-4.16.4.tgz"
    integrity sha512-j12Uuyb4FMrd/qQAm6uCHAkPtO8FDTRJZBDd5D2KOL2eLaz1yUNdUB/NOIyq0iU4q4cFarsUCrnFDPBcnksuOg==
    dependencies:
      accepts "~1.3.5"
      array-flatten "1.1.1"
      body-parser "1.18.3"
      content-disposition "0.5.2"
      content-type "~1.0.4"
      cookie "0.3.1"
      cookie-signature "1.0.6"
      debug "2.6.9"
      depd "~1.1.2"
      encodeurl "~1.0.2"
      escape-html "~1.0.3"
      etag "~1.8.1"
      finalhandler "1.1.1"
      fresh "0.5.2"
      merge-descriptors "1.0.1"
      methods "~1.1.2"
      on-finished "~2.3.0"
      parseurl "~1.3.2"
      path-to-regexp "0.1.7"
      proxy-addr "~2.0.4"
      qs "6.5.2"
      range-parser "~1.2.0"
      safe-buffer "5.1.2"
      send "0.16.2"
      serve-static "1.13.2"
      setprototypeof "1.1.0"
      statuses "~1.4.0"
      type-is "~1.6.16"
      utils-merge "1.0.1"
      vary "~1.1.2"
  
  fast-deep-equal@^3.1.1:
    version "3.1.3"
    resolved "https://registry.npmjs.org/fast-deep-equal/-/fast-deep-equal-3.1.3.tgz"
    integrity sha512-f3qQ9oQy9j2AhBe/H9VC91wLmKBCCU/gDOnKNAYG5hswO7BLKj09Hc5HYNz9cGI++xlpDCIgDaitVs03ATR84Q==
  
  fast-json-stable-stringify@^2.0.0:
    version "2.1.0"
    resolved "https://registry.npmjs.org/fast-json-stable-stringify/-/fast-json-stable-stringify-2.1.0.tgz"
    integrity sha512-lhd/wF+Lk98HZoTCtlVraHtfh5XYijIjalXck7saUtuanSDyLMxnHhSXEDJqHxD7msR8D0uCmqlkwjCV8xvwHw==
  
  fastest-levenshtein@^1.0.12:
    version "1.0.12"
    resolved "https://registry.npmjs.org/fastest-levenshtein/-/fastest-levenshtein-1.0.12.tgz"
    integrity sha512-On2N+BpYJ15xIC974QNVuYGMOlEVt4s0EOI3wwMqOmK1fdDY+FN/zltPV8vosq4ad4c/gJ1KHScUn/6AWIgiow==
  
  fill-range@^7.0.1:
    version "7.0.1"
    resolved "https://registry.npmjs.org/fill-range/-/fill-range-7.0.1.tgz"
    integrity sha512-qOo9F+dMUmC2Lcb4BbVvnKJxTPjCm+RRpe4gDuGrzkL7mEVl/djYSu2OdQ2Pa302N4oqkSg9ir6jaLWJ2USVpQ==
    dependencies:
      to-regex-range "^5.0.1"
  
  finalhandler@1.1.1:
    version "1.1.1"
    resolved "https://registry.npmjs.org/finalhandler/-/finalhandler-1.1.1.tgz"
    integrity sha512-Y1GUDo39ez4aHAw7MysnUD5JzYX+WaIj8I57kO3aEPT1fFRL4sr7mjei97FgnwhAyyzRYmQZaTHb2+9uZ1dPtg==
    dependencies:
      debug "2.6.9"
      encodeurl "~1.0.2"
      escape-html "~1.0.3"
      on-finished "~2.3.0"
      parseurl "~1.3.2"
      statuses "~1.4.0"
      unpipe "~1.0.0"
  
  find-up@^4.0.0:
    version "4.1.0"
    resolved "https://registry.npmjs.org/find-up/-/find-up-4.1.0.tgz"
    integrity sha512-PpOwAdQ/YlXQ2vj8a3h8IipDuYRi3wceVQQGYWxNINccq40Anw7BlsEXCMbt1Zt+OLA6Fq9suIpIWD0OsnISlw==
    dependencies:
      locate-path "^5.0.0"
      path-exists "^4.0.0"
  
  forwarded@0.2.0:
    version "0.2.0"
    resolved "https://registry.npmjs.org/forwarded/-/forwarded-0.2.0.tgz"
    integrity sha512-buRG0fpBtRHSTCOASe6hD258tEubFoRLb4ZNA6NxMVHNw2gOcwHo9wyablzMzOA5z9xA9L1KNjk/Nt6MT9aYow==
  
  fresh@0.5.2:
    version "0.5.2"
    resolved "https://registry.npmjs.org/fresh/-/fresh-0.5.2.tgz"
    integrity sha1-PYyt2Q2XZWn6g1qx+OSyOhBWBac=
  
  fsevents@~2.3.2:
    version "2.3.2"
    resolved "https://registry.yarnpkg.com/fsevents/-/fsevents-2.3.2.tgz#8a526f78b8fdf4623b709e0b975c52c24c02fd1a"
    integrity sha512-xiqMQR4xAeHTuB9uWm+fFRcIOgKBMiOBP+eXiyT7jsgVCq1bkVygt00oASowB7EdtpOHaaPgKt812P9ab+DDKA==
  
  function-bind@^1.1.1:
    version "1.1.1"
    resolved "https://registry.npmjs.org/function-bind/-/function-bind-1.1.1.tgz"
    integrity sha512-yIovAzMX49sF8Yl58fSCWJ5svSLuaibPxXQJFLmBObTuCr0Mf1KiPopGM9NiFjiYBCbfaa2Fh6breQ6ANVTI0A==
  
  get-intrinsic@^1.0.2:
    version "1.1.1"
    resolved "https://registry.npmjs.org/get-intrinsic/-/get-intrinsic-1.1.1.tgz"
    integrity sha512-kWZrnVM42QCiEA2Ig1bG8zjoIMOgxWwYCEeNdwY6Tv/cOSeGpcoX4pXHfKUxNKVoArnrEr2e9srnAxxGIraS9Q==
    dependencies:
      function-bind "^1.1.1"
      has "^1.0.3"
      has-symbols "^1.0.1"
  
  get-stream@^4.1.0:
    version "4.1.0"
    resolved "https://registry.npmjs.org/get-stream/-/get-stream-4.1.0.tgz"
    integrity sha512-GMat4EJ5161kIy2HevLlr4luNjBgvmj413KaQA7jt4V8B4RDsfpHk7WQ9GVqfYyyx8OS/L66Kox+rJRNklLK7w==
    dependencies:
      pump "^3.0.0"
  
  get-stream@^5.1.0:
    version "5.2.0"
    resolved "https://registry.npmjs.org/get-stream/-/get-stream-5.2.0.tgz"
    integrity sha512-nBF+F1rAZVCu/p7rjzgA+Yb4lfYXrpl7a6VmJrU8wF9I1CKvP/QwPNZHnOlwbTkY6dvtFIzFMSyQXbLoTQPRpA==
    dependencies:
      pump "^3.0.0"
  
  get-stream@^6.0.0:
    version "6.0.1"
    resolved "https://registry.npmjs.org/get-stream/-/get-stream-6.0.1.tgz"
    integrity sha512-ts6Wi+2j3jQjqi70w5AlN8DFnkSwC+MqmxEzdEALB2qXZYV3X/b1CTfgPLGJNMeAWxdPfU8FO1ms3NUfaHCPYg==
  
  glob-parent@~5.1.2:
    version "5.1.2"
    resolved "https://registry.npmjs.org/glob-parent/-/glob-parent-5.1.2.tgz"
    integrity sha512-AOIgSQCepiJYwP3ARnGx+5VnTu2HBYdzbGP45eLw1vr3zB3vZLeyed1sC9hnbcOc9/SrMyM5RPQrkGz4aS9Zow==
    dependencies:
      is-glob "^4.0.1"
  
  glob-to-regexp@^0.4.1:
    version "0.4.1"
    resolved "https://registry.npmjs.org/glob-to-regexp/-/glob-to-regexp-0.4.1.tgz"
    integrity sha512-lkX1HJXwyMcprw/5YUZc2s7DrpAiHB21/V+E1rHUrVNokkvB6bqMzT0VfV6/86ZNabt1k14YOIaT7nDvOX3Iiw==
  
  global-dirs@^3.0.0:
    version "3.0.0"
    resolved "https://registry.npmjs.org/global-dirs/-/global-dirs-3.0.0.tgz"
    integrity sha512-v8ho2DS5RiCjftj1nD9NmnfaOzTdud7RRnVd9kFNOjqZbISlx5DQ+OrTkywgd0dIt7oFCvKetZSHoHcP3sDdiA==
    dependencies:
      ini "2.0.0"
  
  got@^9.6.0:
    version "9.6.0"
    resolved "https://registry.npmjs.org/got/-/got-9.6.0.tgz"
    integrity sha512-R7eWptXuGYxwijs0eV+v3o6+XH1IqVK8dJOEecQfTmkncw9AV4dcw/Dhxi8MdlqPthxxpZyizMzyg8RTmEsG+Q==
    dependencies:
      "@sindresorhus/is" "^0.14.0"
      "@szmarczak/http-timer" "^1.1.2"
      cacheable-request "^6.0.0"
      decompress-response "^3.3.0"
      duplexer3 "^0.1.4"
      get-stream "^4.1.0"
      lowercase-keys "^1.0.1"
      mimic-response "^1.0.1"
      p-cancelable "^1.0.0"
      to-readable-stream "^1.0.0"
      url-parse-lax "^3.0.0"
  
  graceful-fs@^4.1.2, graceful-fs@^4.2.4:
    version "4.2.8"
    resolved "https://registry.npmjs.org/graceful-fs/-/graceful-fs-4.2.8.tgz"
    integrity sha512-qkIilPUYcNhJpd33n0GBXTB1MMPp14TxEsEs0pTrsSVucApsYzW5V+Q8Qxhik6KU3evy+qkAAowTByymK0avdg==
  
  "graceful-readlink@>= 1.0.0":
    version "1.0.1"
    resolved "https://registry.npmjs.org/graceful-readlink/-/graceful-readlink-1.0.1.tgz"
    integrity sha1-TK+tdrxi8C+gObL5Tpo906ORpyU=
  
  has-flag@^3.0.0:
    version "3.0.0"
    resolved "https://registry.npmjs.org/has-flag/-/has-flag-3.0.0.tgz"
    integrity sha1-tdRU3CGZriJWmfNGfloH87lVuv0=
  
  has-flag@^4.0.0:
    version "4.0.0"
    resolved "https://registry.npmjs.org/has-flag/-/has-flag-4.0.0.tgz"
    integrity sha512-EykJT/Q1KjTWctppgIAgfSO0tKVuZUjhgMr17kqTumMl6Afv3EISleU7qZUzoXDFTAHTDC4NOoG/ZxU3EvlMPQ==
  
  has-symbols@^1.0.1, has-symbols@^1.0.2:
    version "1.0.2"
    resolved "https://registry.npmjs.org/has-symbols/-/has-symbols-1.0.2.tgz"
    integrity sha512-chXa79rL/UC2KlX17jo3vRGz0azaWEx5tGqZg5pO3NUyEJVB17dMruQlzCCOfUvElghKcm5194+BCRvi2Rv/Gw==
  
  has-tostringtag@^1.0.0:
    version "1.0.0"
    resolved "https://registry.npmjs.org/has-tostringtag/-/has-tostringtag-1.0.0.tgz"
    integrity sha512-kFjcSNhnlGV1kyoGk7OXKSawH5JOb/LzUc5w9B02hOTO0dfFRjbHQKvg1d6cf3HbeUmtU9VbbV3qzZ2Teh97WQ==
    dependencies:
      has-symbols "^1.0.2"
  
  has-yarn@^2.1.0:
    version "2.1.0"
    resolved "https://registry.npmjs.org/has-yarn/-/has-yarn-2.1.0.tgz"
    integrity sha512-UqBRqi4ju7T+TqGNdqAO0PaSVGsDGJUBQvk9eUWNGRY1CFGDzYhLWoM7JQEemnlvVcv/YEmc2wNW8BC24EnUsw==
  
  has@^1.0.3:
    version "1.0.3"
    resolved "https://registry.npmjs.org/has/-/has-1.0.3.tgz"
    integrity sha512-f2dvO0VU6Oej7RkWJGrehjbzMAjFp5/VKPp5tTpWIV4JHHZK1/BxbFRtf/siA2SWTe09caDmVtYYzWEIbBS4zw==
    dependencies:
      function-bind "^1.1.1"
  
  http-cache-semantics@^4.0.0:
    version "4.1.0"
    resolved "https://registry.npmjs.org/http-cache-semantics/-/http-cache-semantics-4.1.0.tgz"
    integrity sha512-carPklcUh7ROWRK7Cv27RPtdhYhUsela/ue5/jKzjegVvXDqM2ILE9Q2BGn9JZJh1g87cp56su/FgQSzcWS8cQ==
  
  http-errors@1.6.3, http-errors@~1.6.2, http-errors@~1.6.3:
    version "1.6.3"
    resolved "https://registry.npmjs.org/http-errors/-/http-errors-1.6.3.tgz"
    integrity sha1-i1VoC7S+KDoLW/TqLjhYC+HZMg0=
    dependencies:
      depd "~1.1.2"
      inherits "2.0.3"
      setprototypeof "1.1.0"
      statuses ">= 1.4.0 < 2"
  
  human-signals@^2.1.0:
    version "2.1.0"
    resolved "https://registry.npmjs.org/human-signals/-/human-signals-2.1.0.tgz"
    integrity sha512-B4FFZ6q/T2jhhksgkbEW3HBvWIfDW85snkQgawt07S7J5QXTk6BkNV+0yAeZrM5QpMAdYlocGoljn0sJ/WQkFw==
  
  iconv-lite@0.4.23:
    version "0.4.23"
    resolved "https://registry.npmjs.org/iconv-lite/-/iconv-lite-0.4.23.tgz"
    integrity sha512-neyTUVFtahjf0mB3dZT77u+8O0QB89jFdnBkd5P1JgYPbPaia3gXXOVL2fq8VyU2gMMD7SaN7QukTB/pmXYvDA==
    dependencies:
      safer-buffer ">= 2.1.2 < 3"
  
  ignore-by-default@^1.0.1:
    version "1.0.1"
    resolved "https://registry.npmjs.org/ignore-by-default/-/ignore-by-default-1.0.1.tgz"
    integrity sha1-SMptcvbGo68Aqa1K5odr44ieKwk=
  
  import-lazy@^2.1.0:
    version "2.1.0"
    resolved "https://registry.npmjs.org/import-lazy/-/import-lazy-2.1.0.tgz"
    integrity sha1-BWmOPUXIjo1+nZLLBYTnfwlvPkM=
  
  import-local@^3.0.2:
    version "3.0.3"
    resolved "https://registry.npmjs.org/import-local/-/import-local-3.0.3.tgz"
    integrity sha512-bE9iaUY3CXH8Cwfan/abDKAxe1KGT9kyGsBPqf6DMK/z0a2OzAsrukeYNgIH6cH5Xr452jb1TUL8rSfCLjZ9uA==
    dependencies:
      pkg-dir "^4.2.0"
      resolve-cwd "^3.0.0"
  
  imurmurhash@^0.1.4:
    version "0.1.4"
    resolved "https://registry.npmjs.org/imurmurhash/-/imurmurhash-0.1.4.tgz"
    integrity sha1-khi5srkoojixPcT7a21XbyMUU+o=
  
  inherits@2.0.3:
    version "2.0.3"
    resolved "https://registry.npmjs.org/inherits/-/inherits-2.0.3.tgz"
    integrity sha1-Yzwsg+PaQqUC9SRmAiSA9CCCYd4=
  
  ini@2.0.0:
    version "2.0.0"
    resolved "https://registry.npmjs.org/ini/-/ini-2.0.0.tgz"
    integrity sha512-7PnF4oN3CvZF23ADhA5wRaYEQpJ8qygSkbtTXWBeXWXmEVRXK+1ITciHWwHhsjv1TmW0MgacIv6hEi5pX5NQdA==
  
  ini@~1.3.0:
    version "1.3.8"
    resolved "https://registry.npmjs.org/ini/-/ini-1.3.8.tgz"
    integrity sha512-JV/yugV2uzW5iMRSiZAyDtQd+nxtUnjeLt0acNdw98kKLrvuRVyB80tsREOE7yvGVgalhZ6RNXCmEHkUKBKxew==
  
  interpret@^2.2.0:
    version "2.2.0"
    resolved "https://registry.npmjs.org/interpret/-/interpret-2.2.0.tgz"
    integrity sha512-Ju0Bz/cEia55xDwUWEa8+olFpCiQoypjnQySseKtmjNrnps3P+xfpUmGr90T7yjlVJmOtybRvPXhKMbHr+fWnw==
  
  ipaddr.js@1.9.1:
    version "1.9.1"
    resolved "https://registry.npmjs.org/ipaddr.js/-/ipaddr.js-1.9.1.tgz"
    integrity sha512-0KI/607xoxSToH7GjN1FfSbLoU0+btTicjsQSWQlh/hZykN8KpmMf7uYwPW3R+akZ6R/w18ZlXSHBYXiYUPO3g==
  
  is-binary-path@~2.1.0:
    version "2.1.0"
    resolved "https://registry.npmjs.org/is-binary-path/-/is-binary-path-2.1.0.tgz"
    integrity sha512-ZMERYes6pDydyuGidse7OsHxtbI7WVeUEozgR/g7rd0xUimYNlvZRE/K2MgZTjWy725IfelLeVcEM97mmtRGXw==
    dependencies:
      binary-extensions "^2.0.0"
  
  is-buffer@^1.1.5:
    version "1.1.6"
    resolved "https://registry.npmjs.org/is-buffer/-/is-buffer-1.1.6.tgz"
    integrity sha512-NcdALwpXkTm5Zvvbk7owOUSvVvBKDgKP5/ewfXEznmQFfs4ZRmanOeKBTjRVjka3QFoN6XJ+9F3USqfHqTaU5w==
  
  is-ci@^2.0.0:
    version "2.0.0"
    resolved "https://registry.npmjs.org/is-ci/-/is-ci-2.0.0.tgz"
    integrity sha512-YfJT7rkpQB0updsdHLGWrvhBJfcfzNNawYDNIyQXJz0IViGf75O8EBPKSdvw2rF+LGCsX4FZ8tcr3b19LcZq4w==
    dependencies:
      ci-info "^2.0.0"
  
  is-core-module@^2.2.0:
    version "2.8.0"
    resolved "https://registry.npmjs.org/is-core-module/-/is-core-module-2.8.0.tgz"
    integrity sha512-vd15qHsaqrRL7dtH6QNuy0ndJmRDrS9HAM1CAiSifNUFv4x1a0CCVsj18hJ1mShxIG6T2i1sO78MkP56r0nYRw==
    dependencies:
      has "^1.0.3"
  
  is-expression@^3.0.0:
    version "3.0.0"
    resolved "https://registry.npmjs.org/is-expression/-/is-expression-3.0.0.tgz"
    integrity sha1-Oayqa+f9HzRx3ELHQW5hwkMXrJ8=
    dependencies:
      acorn "~4.0.2"
      object-assign "^4.0.1"
  
  is-extglob@^2.1.1:
    version "2.1.1"
    resolved "https://registry.npmjs.org/is-extglob/-/is-extglob-2.1.1.tgz"
    integrity sha1-qIwCU1eR8C7TfHahueqXc8gz+MI=
  
  is-fullwidth-code-point@^3.0.0:
    version "3.0.0"
    resolved "https://registry.npmjs.org/is-fullwidth-code-point/-/is-fullwidth-code-point-3.0.0.tgz"
    integrity sha512-zymm5+u+sCsSWyD9qNaejV3DFvhCKclKdizYaJUuHA83RLjb7nSuGnddCHGv0hk+KY7BMAlsWeK4Ueg6EV6XQg==
  
  is-glob@^4.0.1, is-glob@~4.0.1:
    version "4.0.3"
    resolved "https://registry.npmjs.org/is-glob/-/is-glob-4.0.3.tgz"
    integrity sha512-xelSayHH36ZgE7ZWhli7pW34hNbNl8Ojv5KVmkJD4hBdD3th8Tfk9vYasLM+mXWOZhFkgZfxhLSnrwRr4elSSg==
    dependencies:
      is-extglob "^2.1.1"
  
  is-installed-globally@^0.4.0:
    version "0.4.0"
    resolved "https://registry.npmjs.org/is-installed-globally/-/is-installed-globally-0.4.0.tgz"
    integrity sha512-iwGqO3J21aaSkC7jWnHP/difazwS7SFeIqxv6wEtLU8Y5KlzFTjyqcSIT0d8s4+dDhKytsk9PJZ2BkS5eZwQRQ==
    dependencies:
      global-dirs "^3.0.0"
      is-path-inside "^3.0.2"
  
  is-npm@^5.0.0:
    version "5.0.0"
    resolved "https://registry.npmjs.org/is-npm/-/is-npm-5.0.0.tgz"
    integrity sha512-WW/rQLOazUq+ST/bCAVBp/2oMERWLsR7OrKyt052dNDk4DHcDE0/7QSXITlmi+VBcV13DfIbysG3tZJm5RfdBA==
  
  is-number@^7.0.0:
    version "7.0.0"
    resolved "https://registry.npmjs.org/is-number/-/is-number-7.0.0.tgz"
    integrity sha512-41Cifkg6e8TylSpdtTpeLVMqvSBEVzTttHvERD741+pnZ8ANv0004MRL43QKPDlK9cGvNp6NZWZUBlbGXYxxng==
  
  is-obj@^2.0.0:
    version "2.0.0"
    resolved "https://registry.npmjs.org/is-obj/-/is-obj-2.0.0.tgz"
    integrity sha512-drqDG3cbczxxEJRoOXcOjtdp1J/lyp1mNn0xaznRs8+muBhgQcrnbspox5X5fOw0HnMnbfDzvnEMEtqDEJEo8w==
  
  is-path-inside@^3.0.2:
    version "3.0.3"
    resolved "https://registry.npmjs.org/is-path-inside/-/is-path-inside-3.0.3.tgz"
    integrity sha512-Fd4gABb+ycGAmKou8eMftCupSir5lRxqf4aD/vd0cD2qc4HL07OjCeuHMr8Ro4CoMaeCKDB0/ECBOVWjTwUvPQ==
  
  is-plain-object@^2.0.4:
    version "2.0.4"
    resolved "https://registry.npmjs.org/is-plain-object/-/is-plain-object-2.0.4.tgz"
    integrity sha512-h5PpgXkWitc38BBMYawTYMWJHFZJVnBquFE57xFpjB8pJFiF6gZ+bU+WyI/yqXiFR5mdLsgYNaPe8uao6Uv9Og==
    dependencies:
      isobject "^3.0.1"
  
  is-promise@^2.0.0:
    version "2.2.2"
    resolved "https://registry.npmjs.org/is-promise/-/is-promise-2.2.2.tgz"
    integrity sha512-+lP4/6lKUBfQjZ2pdxThZvLUAafmZb8OAxFb8XXtiQmS35INgr85hdOGoEs124ez1FCnZJt6jau/T+alh58QFQ==
  
  is-regex@^1.0.3:
    version "1.1.4"
    resolved "https://registry.npmjs.org/is-regex/-/is-regex-1.1.4.tgz"
    integrity sha512-kvRdxDsxZjhzUX07ZnLydzS1TU/TJlTUHHY4YLL87e37oUA49DfkLqgy+VjFocowy29cKvcSiu+kIv728jTTVg==
    dependencies:
      call-bind "^1.0.2"
      has-tostringtag "^1.0.0"
  
  is-stream@^2.0.0:
    version "2.0.1"
    resolved "https://registry.npmjs.org/is-stream/-/is-stream-2.0.1.tgz"
    integrity sha512-hFoiJiTl63nn+kstHGBtewWSKnQLpyb155KHheA1l39uvtO9nWIop1p3udqPcUd/xbF1VLMO4n7OI6p7RbngDg==
  
  is-typedarray@^1.0.0:
    version "1.0.0"
    resolved "https://registry.npmjs.org/is-typedarray/-/is-typedarray-1.0.0.tgz"
    integrity sha1-5HnICFjfDBsR3dppQPlgEfzaSpo=
  
  is-yarn-global@^0.3.0:
    version "0.3.0"
    resolved "https://registry.npmjs.org/is-yarn-global/-/is-yarn-global-0.3.0.tgz"
    integrity sha512-VjSeb/lHmkoyd8ryPVIKvOCn4D1koMqY+vqyjjUfc3xyKtP4dYOxM44sZrnqQSzSds3xyOrUTLTC9LVCVgLngw==
  
  isexe@^2.0.0:
    version "2.0.0"
    resolved "https://registry.npmjs.org/isexe/-/isexe-2.0.0.tgz"
    integrity sha1-6PvzdNxVb/iUehDcsFctYz8s+hA=
  
  isobject@^3.0.1:
    version "3.0.1"
    resolved "https://registry.npmjs.org/isobject/-/isobject-3.0.1.tgz"
    integrity sha1-TkMekrEalzFjaqH5yNHMvP2reN8=
  
  jest-worker@^27.0.6:
    version "27.3.1"
    resolved "https://registry.npmjs.org/jest-worker/-/jest-worker-27.3.1.tgz"
    integrity sha512-ks3WCzsiZaOPJl/oMsDjaf0TRiSv7ctNgs0FqRr2nARsovz6AWWy4oLElwcquGSz692DzgZQrCLScPNs5YlC4g==
    dependencies:
      "@types/node" "*"
      merge-stream "^2.0.0"
      supports-color "^8.0.0"
  
  js-stringify@^1.0.1:
    version "1.0.2"
    resolved "https://registry.npmjs.org/js-stringify/-/js-stringify-1.0.2.tgz"
    integrity sha1-Fzb939lyTyijaCrcYjCufk6Weds=
  
  "js-tokens@^3.0.0 || ^4.0.0":
    version "4.0.0"
    resolved "https://registry.yarnpkg.com/js-tokens/-/js-tokens-4.0.0.tgz#19203fb59991df98e3a287050d4647cdeaf32499"
    integrity sha512-RdJUflcE3cUzKiMqQgsCu06FPu9UdIJO0beYbPhHN4k6apgJtifcoCtT9bcxOpYBtpD2kCM6Sbzg4CausW/PKQ==
  
  json-buffer@3.0.0:
    version "3.0.0"
    resolved "https://registry.npmjs.org/json-buffer/-/json-buffer-3.0.0.tgz"
    integrity sha1-Wx85evx11ne96Lz8Dkfh+aPZqJg=
  
  json-parse-better-errors@^1.0.2:
    version "1.0.2"
    resolved "https://registry.npmjs.org/json-parse-better-errors/-/json-parse-better-errors-1.0.2.tgz"
    integrity sha512-mrqyZKfX5EhL7hvqcV6WG1yYjnjeuYDzDhhcAAUrq8Po85NBQBJP+ZDUT75qZQ98IkUoBqdkExkukOU7Ts2wrw==
  
  json-schema-traverse@^0.4.1:
    version "0.4.1"
    resolved "https://registry.npmjs.org/json-schema-traverse/-/json-schema-traverse-0.4.1.tgz"
    integrity sha512-xbbCH5dCYU5T8LcEhhuh7HJ88HXuW3qsI3Y0zOZFKfZEHcpWiHU/Jxzk629Brsab/mMiHQti9wMP+845RPe3Vg==
  
  jstransformer@1.0.0:
    version "1.0.0"
    resolved "https://registry.npmjs.org/jstransformer/-/jstransformer-1.0.0.tgz"
    integrity sha1-7Yvwkh4vPx7U1cGkT2hwntJHIsM=
    dependencies:
      is-promise "^2.0.0"
      promise "^7.0.1"
  
  keyv@^3.0.0:
    version "3.1.0"
    resolved "https://registry.npmjs.org/keyv/-/keyv-3.1.0.tgz"
    integrity sha512-9ykJ/46SN/9KPM/sichzQ7OvXyGDYKGTaDlKMGCAlg2UK8KRy4jb0d8sFc+0Tt0YYnThq8X2RZgCg74RPxgcVA==
    dependencies:
      json-buffer "3.0.0"
  
  kind-of@^3.0.2:
    version "3.2.2"
    resolved "https://registry.npmjs.org/kind-of/-/kind-of-3.2.2.tgz"
    integrity sha1-MeohpzS6ubuw8yRm2JOupR5KPGQ=
    dependencies:
      is-buffer "^1.1.5"
  
  kind-of@^6.0.2:
    version "6.0.3"
    resolved "https://registry.npmjs.org/kind-of/-/kind-of-6.0.3.tgz"
    integrity sha512-dcS1ul+9tmeD95T+x28/ehLgd9mENa3LsvDTtzm3vyBEO7RPptvAD+t44WVXaUjTBRcrpFeFlC8WCruUR456hw==
  
  latest-version@^5.1.0:
    version "5.1.0"
    resolved "https://registry.npmjs.org/latest-version/-/latest-version-5.1.0.tgz"
    integrity sha512-weT+r0kTkRQdCdYCNtkMwWXQTMEswKrFBkm4ckQOMVhhqhIMI1UT2hMj+1iigIhgSZm5gTmrRXBNoGUgaTY1xA==
    dependencies:
      package-json "^6.3.0"
  
  lazy-cache@^1.0.3:
    version "1.0.4"
    resolved "https://registry.npmjs.org/lazy-cache/-/lazy-cache-1.0.4.tgz"
    integrity sha1-odePw6UEdMuAhF07O24dpJpEbo4=
  
  loader-runner@^4.2.0:
    version "4.2.0"
    resolved "https://registry.npmjs.org/loader-runner/-/loader-runner-4.2.0.tgz"
    integrity sha512-92+huvxMvYlMzMt0iIOukcwYBFpkYJdpl2xsZ7LrlayO7E8SOv+JJUEK17B/dJIHAOLMfh2dZZ/Y18WgmGtYNw==
  
  locate-path@^5.0.0:
    version "5.0.0"
    resolved "https://registry.npmjs.org/locate-path/-/locate-path-5.0.0.tgz"
    integrity sha512-t7hw9pI+WvuwNJXwk5zVHpyhIqzg2qTlklJOf0mVxGSbe3Fp2VieZcduNYjaLDoy6p9uGpQEGWG87WpMKlNq8g==
    dependencies:
      p-locate "^4.1.0"
  
  lodash@^4.17.4:
    version "4.17.21"
    resolved "https://registry.npmjs.org/lodash/-/lodash-4.17.21.tgz"
    integrity sha512-v2kDEe57lecTulaDIuNTPy3Ry4gLGJ6Z1O3vE1krgXZNrsQ+LFTGHVxVjcXPs17LhbZVGedAJv8XZ1tvj5FvSg==
  
  longest@^1.0.1:
    version "1.0.1"
    resolved "https://registry.npmjs.org/longest/-/longest-1.0.1.tgz"
    integrity sha1-MKCy2jj3N3DoKUoNIuZiXtd9AJc=
  
  loose-envify@^1.1.0:
    version "1.4.0"
    resolved "https://registry.yarnpkg.com/loose-envify/-/loose-envify-1.4.0.tgz#71ee51fa7be4caec1a63839f7e682d8132d30caf"
    integrity sha512-lyuxPGr/Wfhrlem2CL/UcnUc1zcqKAImBDzukY7Y5F/yQiNdko6+fRLevlw1HgMySw7f611UIY408EtxRSoK3Q==
    dependencies:
      js-tokens "^3.0.0 || ^4.0.0"
  
  lowercase-keys@^1.0.0, lowercase-keys@^1.0.1:
    version "1.0.1"
    resolved "https://registry.npmjs.org/lowercase-keys/-/lowercase-keys-1.0.1.tgz"
    integrity sha512-G2Lj61tXDnVFFOi8VZds+SoQjtQC3dgokKdDG2mTm1tx4m50NUHBOZSBwQQHyy0V12A0JTG4icfZQH+xPyh8VA==
  
  lowercase-keys@^2.0.0:
    version "2.0.0"
    resolved "https://registry.npmjs.org/lowercase-keys/-/lowercase-keys-2.0.0.tgz"
    integrity sha512-tqNXrS78oMOE73NMxK4EMLQsQowWf8jKooH9g7xPavRT706R6bkQJ6DY2Te7QukaZsulxa30wQ7bk0pm4XiHmA==
  
  lru-cache@^6.0.0:
    version "6.0.0"
    resolved "https://registry.npmjs.org/lru-cache/-/lru-cache-6.0.0.tgz"
    integrity sha512-Jo6dJ04CmSjuznwJSS3pUeWmd/H0ffTlkXXgwZi+eq1UCmqQwCh+eLsYOYCwY991i2Fah4h1BEMCx4qThGbsiA==
    dependencies:
      yallist "^4.0.0"
  
  make-dir@^3.0.0:
    version "3.1.0"
    resolved "https://registry.npmjs.org/make-dir/-/make-dir-3.1.0.tgz"
    integrity sha512-g3FeP20LNwhALb/6Cz6Dd4F2ngze0jz7tbzrD2wAV+o9FeNHe4rL+yK2md0J/fiSf1sa1ADhXqi5+oVwOM/eGw==
    dependencies:
      semver "^6.0.0"
  
  media-typer@0.3.0:
    version "0.3.0"
    resolved "https://registry.npmjs.org/media-typer/-/media-typer-0.3.0.tgz"
    integrity sha1-hxDXrwqmJvj/+hzgAWhUUmMlV0g=
  
  merge-descriptors@1.0.1:
    version "1.0.1"
    resolved "https://registry.npmjs.org/merge-descriptors/-/merge-descriptors-1.0.1.tgz"
    integrity sha1-sAqqVW3YtEVoFQ7J0blT8/kMu2E=
  
  merge-stream@^2.0.0:
    version "2.0.0"
    resolved "https://registry.npmjs.org/merge-stream/-/merge-stream-2.0.0.tgz"
    integrity sha512-abv/qOcuPfk3URPfDzmZU1LKmuw8kT+0nIHvKrKgFrwifol/doWcdA4ZqsWQ8ENrFKkd67Mfpo/LovbIUsbt3w==
  
  methods@~1.1.2:
    version "1.1.2"
    resolved "https://registry.npmjs.org/methods/-/methods-1.1.2.tgz"
    integrity sha1-VSmk1nZUE07cxSZmVoNbD4Ua/O4=
  
  mime-db@1.51.0:
    version "1.51.0"
    resolved "https://registry.npmjs.org/mime-db/-/mime-db-1.51.0.tgz"
    integrity sha512-5y8A56jg7XVQx2mbv1lu49NR4dokRnhZYTtL+KGfaa27uq4pSTXkwQkFJl4pkRMyNFz/EtYDSkiiEHx3F7UN6g==
  
  mime-types@^2.1.27, mime-types@~2.1.24:
    version "2.1.34"
    resolved "https://registry.npmjs.org/mime-types/-/mime-types-2.1.34.tgz"
    integrity sha512-6cP692WwGIs9XXdOO4++N+7qjqv0rqxxVvJ3VHPh/Sc9mVZcQP+ZGhkKiTvWMQRr2tbHkJP/Yn7Y0npb3ZBs4A==
    dependencies:
      mime-db "1.51.0"
  
  mime@1.4.1:
    version "1.4.1"
    resolved "https://registry.npmjs.org/mime/-/mime-1.4.1.tgz"
    integrity sha512-KI1+qOZu5DcW6wayYHSzR/tXKCDC5Om4s1z2QJjDULzLcmf3DvzS7oluY4HCTrc+9FiKmWUgeNLg7W3uIQvxtQ==
  
  mimic-fn@^2.1.0:
    version "2.1.0"
    resolved "https://registry.npmjs.org/mimic-fn/-/mimic-fn-2.1.0.tgz"
    integrity sha512-OqbOk5oEQeAZ8WXWydlu9HJjz9WVdEIvamMCcXmuqUYjTknH/sqsWvhQ3vgwKFRR1HpjvNBKQ37nbJgYzGqGcg==
  
  mimic-response@^1.0.0, mimic-response@^1.0.1:
    version "1.0.1"
    resolved "https://registry.npmjs.org/mimic-response/-/mimic-response-1.0.1.tgz"
    integrity sha512-j5EctnkH7amfV/q5Hgmoal1g2QHFJRraOtmx0JpIqkxhBhI/lJSl1nMpQ45hVarwNETOoWEimndZ4QK0RHxuxQ==
  
  minimatch@^3.0.4:
    version "3.0.4"
    resolved "https://registry.npmjs.org/minimatch/-/minimatch-3.0.4.tgz"
    integrity sha512-yJHVQEhyqPLUTgt9B83PXu6W3rx4MvvHvSUvToogpwoGDOUQ+yDrR0HRot+yOCdCO7u4hX3pWft6kWBBcqh0UA==
    dependencies:
      brace-expansion "^1.1.7"
  
  minimist@^1.2.0:
    version "1.2.5"
    resolved "https://registry.npmjs.org/minimist/-/minimist-1.2.5.tgz"
    integrity sha512-FM9nNUYrRBAELZQT3xeZQ7fmMOBg6nWNmJKTcgsJeaLstP/UODVpGsr5OhXhhXg6f+qtJ8uiZ+PUxkDWcgIXLw==
  
  morgan@^1.10.0:
    version "1.10.0"
    resolved "https://registry.npmjs.org/morgan/-/morgan-1.10.0.tgz"
    integrity sha512-AbegBVI4sh6El+1gNwvD5YIck7nSA36weD7xvIxG4in80j/UoK8AEGaWnnz8v1GxonMCltmlNs5ZKbGvl9b1XQ==
    dependencies:
      basic-auth "~2.0.1"
      debug "2.6.9"
      depd "~2.0.0"
      on-finished "~2.3.0"
      on-headers "~1.0.2"
  
  ms@2.0.0:
    version "2.0.0"
    resolved "https://registry.npmjs.org/ms/-/ms-2.0.0.tgz"
    integrity sha1-VgiurfwAvmwpAd9fmGF4jeDVl8g=
  
  ms@^2.1.1:
    version "2.1.3"
    resolved "https://registry.npmjs.org/ms/-/ms-2.1.3.tgz"
    integrity sha512-6FlzubTLZG3J2a/NVCAleEhjzq5oxgHyaCU9yYXvcLsvoVaHJq/s5xXI6/XXP6tz7R9xAOtHnSO/tXtF3WRTlA==
  
  negotiator@0.6.2:
    version "0.6.2"
    resolved "https://registry.npmjs.org/negotiator/-/negotiator-0.6.2.tgz"
    integrity sha512-hZXc7K2e+PgeI1eDBe/10Ard4ekbfrrqG8Ep+8Jmf4JID2bNg7NvCPOZN+kfF574pFQI7mum2AUqDidoKqcTOw==
  
  neo-async@^2.6.2:
    version "2.6.2"
    resolved "https://registry.npmjs.org/neo-async/-/neo-async-2.6.2.tgz"
    integrity sha512-Yd3UES5mWCSqR+qNT93S3UoYUkqAZ9lLg8a7g9rimsWmYGK8cVToA4/sF3RrshdyV3sAGMXVUmpMYOw+dLpOuw==
  
  node-releases@^2.0.1:
    version "2.0.1"
    resolved "https://registry.npmjs.org/node-releases/-/node-releases-2.0.1.tgz"
    integrity sha512-CqyzN6z7Q6aMeF/ktcMVTzhAHCEpf8SOarwpzpf8pNBY2k5/oM34UHldUwp8VKI7uxct2HxSRdJjBaZeESzcxA==
  
  nodemon@^2.0.15:
    version "2.0.15"
    resolved "https://registry.npmjs.org/nodemon/-/nodemon-2.0.15.tgz"
    integrity sha512-gdHMNx47Gw7b3kWxJV64NI+Q5nfl0y5DgDbiVtShiwa7Z0IZ07Ll4RLFo6AjrhzMtoEZn5PDE3/c2AbVsiCkpA==
    dependencies:
      chokidar "^3.5.2"
      debug "^3.2.7"
      ignore-by-default "^1.0.1"
      minimatch "^3.0.4"
      pstree.remy "^1.1.8"
      semver "^5.7.1"
      supports-color "^5.5.0"
      touch "^3.1.0"
      undefsafe "^2.0.5"
      update-notifier "^5.1.0"
  
  nopt@~1.0.10:
    version "1.0.10"
    resolved "https://registry.npmjs.org/nopt/-/nopt-1.0.10.tgz"
    integrity sha1-bd0hvSoxQXuScn3Vhfim83YI6+4=
    dependencies:
      abbrev "1"
  
  normalize-path@^3.0.0, normalize-path@~3.0.0:
    version "3.0.0"
    resolved "https://registry.npmjs.org/normalize-path/-/normalize-path-3.0.0.tgz"
    integrity sha512-6eZs5Ls3WtCisHWp9S2GUy8dqkpGi4BVSz3GaqiE6ezub0512ESztXUwUB6C6IKbQkY2Pnb/mD4WYojCRwcwLA==
  
  normalize-url@^4.1.0:
    version "4.5.1"
    resolved "https://registry.npmjs.org/normalize-url/-/normalize-url-4.5.1.tgz"
    integrity sha512-9UZCFRHQdNrfTpGg8+1INIg93B6zE0aXMVFkw1WFwvO4SlZywU6aLg5Of0Ap/PgcbSw4LNxvMWXMeugwMCX0AA==
  
  npm-run-path@^4.0.1:
    version "4.0.1"
    resolved "https://registry.npmjs.org/npm-run-path/-/npm-run-path-4.0.1.tgz"
    integrity sha512-S48WzZW777zhNIrn7gxOlISNAqi9ZC/uQFnRdbeIHhZhCA6UqpkOT8T1G7BvfdgP4Er8gF4sUbaS0i7QvIfCWw==
    dependencies:
      path-key "^3.0.0"
  
  object-assign@^4.0.1, object-assign@^4.1.0, object-assign@^4.1.1:
    version "4.1.1"
    resolved "https://registry.npmjs.org/object-assign/-/object-assign-4.1.1.tgz"
    integrity sha1-IQmtx5ZYh8/AXLvUQsrIv7s2CGM=
  
  on-finished@~2.3.0:
    version "2.3.0"
    resolved "https://registry.npmjs.org/on-finished/-/on-finished-2.3.0.tgz"
    integrity sha1-IPEzZIGwg811M3mSoWlxqi2QaUc=
    dependencies:
      ee-first "1.1.1"
  
  on-headers@~1.0.2:
    version "1.0.2"
    resolved "https://registry.npmjs.org/on-headers/-/on-headers-1.0.2.tgz"
    integrity sha512-pZAE+FJLoyITytdqK0U5s+FIpjN0JP3OzFi/u8Rx+EV5/W+JTWGXG8xFzevE7AjBfDqHv/8vL8qQsIhHnqRkrA==
  
  once@^1.3.1, once@^1.4.0:
    version "1.4.0"
    resolved "https://registry.npmjs.org/once/-/once-1.4.0.tgz"
    integrity sha1-WDsap3WWHUsROsF9nFC6753Xa9E=
    dependencies:
      wrappy "1"
  
  onetime@^5.1.2:
    version "5.1.2"
    resolved "https://registry.npmjs.org/onetime/-/onetime-5.1.2.tgz"
    integrity sha512-kbpaSSGJTWdAY5KPVeMOKXSrPtr8C8C7wodJbcsd51jRnmD+GZu8Y0VoU6Dm5Z4vWr0Ig/1NKuWRKf7j5aaYSg==
    dependencies:
      mimic-fn "^2.1.0"
  
  p-cancelable@^1.0.0:
    version "1.1.0"
    resolved "https://registry.npmjs.org/p-cancelable/-/p-cancelable-1.1.0.tgz"
    integrity sha512-s73XxOZ4zpt1edZYZzvhqFa6uvQc1vwUa0K0BdtIZgQMAJj9IbebH+JkgKZc9h+B05PKHLOTl4ajG1BmNrVZlw==
  
  p-limit@^2.2.0:
    version "2.3.0"
    resolved "https://registry.npmjs.org/p-limit/-/p-limit-2.3.0.tgz"
    integrity sha512-//88mFWSJx8lxCzwdAABTJL2MyWB12+eIY7MDL2SqLmAkeKU9qxRvWuSyTjm3FUmpBEMuFfckAIqEaVGUDxb6w==
    dependencies:
      p-try "^2.0.0"
  
  p-locate@^4.1.0:
    version "4.1.0"
    resolved "https://registry.npmjs.org/p-locate/-/p-locate-4.1.0.tgz"
    integrity sha512-R79ZZ/0wAxKGu3oYMlz8jy/kbhsNrS7SKZ7PxEHBgJ5+F2mtFW2fK2cOtBh1cHYkQsbzFV7I+EoRKe6Yt0oK7A==
    dependencies:
      p-limit "^2.2.0"
  
  p-try@^2.0.0:
    version "2.2.0"
    resolved "https://registry.npmjs.org/p-try/-/p-try-2.2.0.tgz"
    integrity sha512-R4nPAVTAU0B9D35/Gk3uJf/7XYbQcyohSKdvAxIRSNghFl4e71hVoGnBNQz9cWaXxO2I10KTC+3jMdvvoKw6dQ==
  
  package-json@^6.3.0:
    version "6.5.0"
    resolved "https://registry.npmjs.org/package-json/-/package-json-6.5.0.tgz"
    integrity sha512-k3bdm2n25tkyxcjSKzB5x8kfVxlMdgsbPr0GkZcwHsLpba6cBjqCt1KlcChKEvxHIcTB1FVMuwoijZ26xex5MQ==
    dependencies:
      got "^9.6.0"
      registry-auth-token "^4.0.0"
      registry-url "^5.0.0"
      semver "^6.2.0"
  
  parseurl@~1.3.2:
    version "1.3.3"
    resolved "https://registry.npmjs.org/parseurl/-/parseurl-1.3.3.tgz"
    integrity sha512-CiyeOxFT/JZyN5m0z9PfXw4SCBJ6Sygz1Dpl0wqjlhDEGGBP1GnsUVEL0p63hoG1fcj3fHynXi9NYO4nWOL+qQ==
  
  path-exists@^4.0.0:
    version "4.0.0"
    resolved "https://registry.npmjs.org/path-exists/-/path-exists-4.0.0.tgz"
    integrity sha512-ak9Qy5Q7jYb2Wwcey5Fpvg2KoAc/ZIhLSLOSBmRmygPsGwkVVt0fZa0qrtMz+m6tJTAHfZQ8FnmB4MG4LWy7/w==
  
  path-key@^3.0.0, path-key@^3.1.0:
    version "3.1.1"
    resolved "https://registry.npmjs.org/path-key/-/path-key-3.1.1.tgz"
    integrity sha512-ojmeN0qd+y0jszEtoY48r0Peq5dwMEkIlCOu6Q5f41lfkswXuKtYrhgoTpLnyIcHm24Uhqx+5Tqm2InSwLhE6Q==
  
  path-parse@^1.0.6:
    version "1.0.7"
    resolved "https://registry.npmjs.org/path-parse/-/path-parse-1.0.7.tgz"
    integrity sha512-LDJzPVEEEPR+y48z93A0Ed0yXb8pAByGWo/k5YYdYgpY2/2EsOsksJrq7lOHxryrVOn1ejG6oAp8ahvOIQD8sw==
  
  path-to-regexp@0.1.7:
    version "0.1.7"
    resolved "https://registry.npmjs.org/path-to-regexp/-/path-to-regexp-0.1.7.tgz"
    integrity sha1-32BBeABfUi8V60SQ5yR6G/qmf4w=
  
  picocolors@^1.0.0:
    version "1.0.0"
    resolved "https://registry.npmjs.org/picocolors/-/picocolors-1.0.0.tgz"
    integrity sha512-1fygroTLlHu66zi26VoTDv8yRgm0Fccecssto+MhsZ0D/DGW2sm8E8AjW7NU5VVTRt5GxbeZ5qBuJr+HyLYkjQ==
  
  picomatch@^2.0.4, picomatch@^2.2.1:
    version "2.3.0"
    resolved "https://registry.npmjs.org/picomatch/-/picomatch-2.3.0.tgz"
    integrity sha512-lY1Q/PiJGC2zOv/z391WOTD+Z02bCgsFfvxoXXf6h7kv9o+WmsmzYqrAwY63sNgOxE4xEdq0WyUnXfKeBrSvYw==
  
  pkg-dir@^4.2.0:
    version "4.2.0"
    resolved "https://registry.npmjs.org/pkg-dir/-/pkg-dir-4.2.0.tgz"
    integrity sha512-HRDzbaKjC+AOWVXxAU/x54COGeIv9eb+6CkDSQoNTt4XyWoIJvuPsXizxu/Fr23EiekbtZwmh1IcIG/l/a10GQ==
    dependencies:
      find-up "^4.0.0"
  
  prepend-http@^2.0.0:
    version "2.0.0"
    resolved "https://registry.npmjs.org/prepend-http/-/prepend-http-2.0.0.tgz"
    integrity sha1-6SQ0v6XqjBn0HN/UAddBo8gZ2Jc=
  
  promise@^7.0.1:
    version "7.3.1"
    resolved "https://registry.npmjs.org/promise/-/promise-7.3.1.tgz"
    integrity sha512-nolQXZ/4L+bP/UGlkfaIujX9BKxGwmQ9OT4mOt5yvy8iK1h3wqTEJCijzGANTCCl9nWjY41juyAn2K3Q1hLLTg==
    dependencies:
      asap "~2.0.3"
  
  proxy-addr@~2.0.4:
    version "2.0.7"
    resolved "https://registry.npmjs.org/proxy-addr/-/proxy-addr-2.0.7.tgz"
    integrity sha512-llQsMLSUDUPT44jdrU/O37qlnifitDP+ZwrmmZcoSKyLKvtZxpyV0n2/bD/N4tBAAZ/gJEdZU7KMraoK1+XYAg==
    dependencies:
      forwarded "0.2.0"
      ipaddr.js "1.9.1"
  
  pstree.remy@^1.1.8:
    version "1.1.8"
    resolved "https://registry.npmjs.org/pstree.remy/-/pstree.remy-1.1.8.tgz"
    integrity sha512-77DZwxQmxKnu3aR542U+X8FypNzbfJ+C5XQDk3uWjWxn6151aIMGthWYRXTqT1E5oJvg+ljaa2OJi+VfvCOQ8w==
  
  pug-attrs@^2.0.2:
    version "2.0.4"
    resolved "https://registry.npmjs.org/pug-attrs/-/pug-attrs-2.0.4.tgz"
    integrity sha512-TaZ4Z2TWUPDJcV3wjU3RtUXMrd3kM4Wzjbe3EWnSsZPsJ3LDI0F3yCnf2/W7PPFF+edUFQ0HgDL1IoxSz5K8EQ==
    dependencies:
      constantinople "^3.0.1"
      js-stringify "^1.0.1"
      pug-runtime "^2.0.5"
  
  pug-code-gen@^1.1.1:
    version "1.1.1"
    resolved "https://registry.npmjs.org/pug-code-gen/-/pug-code-gen-1.1.1.tgz"
    integrity sha1-HPcnRO8qA56uajNAyqoRBYcSWOg=
    dependencies:
      constantinople "^3.0.1"
      doctypes "^1.1.0"
      js-stringify "^1.0.1"
      pug-attrs "^2.0.2"
      pug-error "^1.3.2"
      pug-runtime "^2.0.3"
      void-elements "^2.0.1"
      with "^5.0.0"
  
  pug-error@^1.3.2, pug-error@^1.3.3:
    version "1.3.3"
    resolved "https://registry.npmjs.org/pug-error/-/pug-error-1.3.3.tgz"
    integrity sha512-qE3YhESP2mRAWMFJgKdtT5D7ckThRScXRwkfo+Erqga7dyJdY3ZquspprMCj/9sJ2ijm5hXFWQE/A3l4poMWiQ==
  
  pug-filters@^2.1.1:
    version "2.1.5"
    resolved "https://registry.npmjs.org/pug-filters/-/pug-filters-2.1.5.tgz"
    integrity sha512-xkw71KtrC4sxleKiq+cUlQzsiLn8pM5+vCgkChW2E6oNOzaqTSIBKIQ5cl4oheuDzvJYCTSYzRaVinMUrV4YLQ==
    dependencies:
      clean-css "^3.3.0"
      constantinople "^3.0.1"
      jstransformer "1.0.0"
      pug-error "^1.3.2"
      pug-walk "^1.1.5"
      resolve "^1.1.6"
      uglify-js "^2.6.1"
  
  pug-lexer@^3.0.0:
    version "3.1.0"
    resolved "https://registry.npmjs.org/pug-lexer/-/pug-lexer-3.1.0.tgz"
    integrity sha1-/QhzdtSmdbT1n4/vQiiDQ06VgaI=
    dependencies:
      character-parser "^2.1.1"
      is-expression "^3.0.0"
      pug-error "^1.3.2"
  
  pug-linker@^2.0.2:
    version "2.0.3"
    resolved "https://registry.npmjs.org/pug-linker/-/pug-linker-2.0.3.tgz"
    integrity sha1-szH/olc33eacEntWwQ/xf652bco=
    dependencies:
      pug-error "^1.3.2"
      pug-walk "^1.1.2"
  
  pug-load@^2.0.5:
    version "2.0.12"
    resolved "https://registry.npmjs.org/pug-load/-/pug-load-2.0.12.tgz"
    integrity sha512-UqpgGpyyXRYgJs/X60sE6SIf8UBsmcHYKNaOccyVLEuT6OPBIMo6xMPhoJnqtB3Q3BbO4Z3Bjz5qDsUWh4rXsg==
    dependencies:
      object-assign "^4.1.0"
      pug-walk "^1.1.8"
  
  pug-parser@^2.0.2:
    version "2.0.2"
    resolved "https://registry.npmjs.org/pug-parser/-/pug-parser-2.0.2.tgz"
    integrity sha1-U6aAz9BQOdywwn0CkJS8SnkmibA=
    dependencies:
      pug-error "^1.3.2"
      token-stream "0.0.1"
  
  pug-runtime@^2.0.3, pug-runtime@^2.0.5:
    version "2.0.5"
    resolved "https://registry.npmjs.org/pug-runtime/-/pug-runtime-2.0.5.tgz"
    integrity sha512-P+rXKn9un4fQY77wtpcuFyvFaBww7/91f3jHa154qU26qFAnOe6SW1CbIDcxiG5lLK9HazYrMCCuDvNgDQNptw==
  
  pug-strip-comments@^1.0.2:
    version "1.0.4"
    resolved "https://registry.npmjs.org/pug-strip-comments/-/pug-strip-comments-1.0.4.tgz"
    integrity sha512-i5j/9CS4yFhSxHp5iKPHwigaig/VV9g+FgReLJWWHEHbvKsbqL0oP/K5ubuLco6Wu3Kan5p7u7qk8A4oLLh6vw==
    dependencies:
      pug-error "^1.3.3"
  
  pug-walk@^1.1.2, pug-walk@^1.1.5, pug-walk@^1.1.8:
    version "1.1.8"
    resolved "https://registry.npmjs.org/pug-walk/-/pug-walk-1.1.8.tgz"
    integrity sha512-GMu3M5nUL3fju4/egXwZO0XLi6fW/K3T3VTgFQ14GxNi8btlxgT5qZL//JwZFm/2Fa64J/PNS8AZeys3wiMkVA==
  
  pug@2.0.0-beta11:
    version "2.0.0-beta11"
    resolved "https://registry.npmjs.org/pug/-/pug-2.0.0-beta11.tgz"
    integrity sha1-Favmr1AEx+LPRhPksnRlyVRrXwE=
    dependencies:
      pug-code-gen "^1.1.1"
      pug-filters "^2.1.1"
      pug-lexer "^3.0.0"
      pug-linker "^2.0.2"
      pug-load "^2.0.5"
      pug-parser "^2.0.2"
      pug-runtime "^2.0.3"
      pug-strip-comments "^1.0.2"
  
  pump@^3.0.0:
    version "3.0.0"
    resolved "https://registry.npmjs.org/pump/-/pump-3.0.0.tgz"
    integrity sha512-LwZy+p3SFs1Pytd/jYct4wpv49HiYCqd9Rlc5ZVdk0V+8Yzv6jR5Blk3TRmPL1ft69TxP0IMZGJ+WPFU2BFhww==
    dependencies:
      end-of-stream "^1.1.0"
      once "^1.3.1"
  
  punycode@^2.1.0:
    version "2.1.1"
    resolved "https://registry.npmjs.org/punycode/-/punycode-2.1.1.tgz"
    integrity sha512-XRsRjdf+j5ml+y/6GKHPZbrF/8p2Yga0JPtdqTIY2Xe5ohJPD9saDJJLPvp9+NSBprVvevdXZybnj2cv8OEd0A==
  
  pupa@^2.1.1:
    version "2.1.1"
    resolved "https://registry.npmjs.org/pupa/-/pupa-2.1.1.tgz"
    integrity sha512-l1jNAspIBSFqbT+y+5FosojNpVpF94nlI+wDUpqP9enwOTfHx9f0gh5nB96vl+6yTpsJsypeNrwfzPrKuHB41A==
    dependencies:
      escape-goat "^2.0.0"
  
  qs@6.5.2:
    version "6.5.2"
    resolved "https://registry.npmjs.org/qs/-/qs-6.5.2.tgz"
    integrity sha512-N5ZAX4/LxJmF+7wN74pUD6qAh9/wnvdQcjq9TZjevvXzSUo7bfmw91saqMjzGS2xq91/odN2dW/WOl7qQHNDGA==
  
  randombytes@^2.1.0:
    version "2.1.0"
    resolved "https://registry.npmjs.org/randombytes/-/randombytes-2.1.0.tgz"
    integrity sha512-vYl3iOX+4CKUWuxGi9Ukhie6fsqXqS9FE2Zaic4tNFD2N2QQaXOMFbuKK4QmDHC0JO6B1Zp41J0LpT0oR68amQ==
    dependencies:
      safe-buffer "^5.1.0"
  
  range-parser@~1.2.0:
    version "1.2.1"
    resolved "https://registry.npmjs.org/range-parser/-/range-parser-1.2.1.tgz"
    integrity sha512-Hrgsx+orqoygnmhFbKaHE6c296J+HTAQXoxEF6gNupROmmGJRoyzfG3ccAveqCBrwr/2yxQ5BVd/GTl5agOwSg==
  
  raw-body@2.3.3:
    version "2.3.3"
    resolved "https://registry.npmjs.org/raw-body/-/raw-body-2.3.3.tgz"
    integrity sha512-9esiElv1BrZoI3rCDuOuKCBRbuApGGaDPQfjSflGxdy4oyzqghxu6klEkkVIvBje+FF0BX9coEv8KqW6X/7njw==
    dependencies:
      bytes "3.0.0"
      http-errors "1.6.3"
      iconv-lite "0.4.23"
      unpipe "1.0.0"
  
  rc@^1.2.8:
    version "1.2.8"
    resolved "https://registry.npmjs.org/rc/-/rc-1.2.8.tgz"
    integrity sha512-y3bGgqKj3QBdxLbLkomlohkvsA8gdAiUQlSBJnBhfn+BPxg4bc62d8TcBW15wavDfgexCgccckhcZvywyQYPOw==
    dependencies:
      deep-extend "^0.6.0"
      ini "~1.3.0"
      minimist "^1.2.0"
      strip-json-comments "~2.0.1"
  
  react-dom@^17.0.2:
    version "17.0.2"
    resolved "https://registry.yarnpkg.com/react-dom/-/react-dom-17.0.2.tgz#ecffb6845e3ad8dbfcdc498f0d0a939736502c23"
    integrity sha512-s4h96KtLDUQlsENhMn1ar8t2bEa+q/YAtj8pPPdIjPDGBDIVNsrD9aXNWqspUe6AzKCIG0C1HZZLqLV7qpOBGA==
    dependencies:
      loose-envify "^1.1.0"
      object-assign "^4.1.1"
      scheduler "^0.20.2"
  
  react@^17.0.2:
    version "17.0.2"
    resolved "https://registry.yarnpkg.com/react/-/react-17.0.2.tgz#d0b5cc516d29eb3eee383f75b62864cfb6800037"
    integrity sha512-gnhPt75i/dq/z3/6q/0asP78D0u592D5L1pd7M8P+dck6Fu/jJeL6iVVK23fptSUZj8Vjf++7wXA8UNclGQcbA==
    dependencies:
      loose-envify "^1.1.0"
      object-assign "^4.1.1"
  
  readdirp@~3.6.0:
    version "3.6.0"
    resolved "https://registry.npmjs.org/readdirp/-/readdirp-3.6.0.tgz"
    integrity sha512-hOS089on8RduqdbhvQ5Z37A0ESjsqz6qnRcffsMU3495FuTdqSm+7bhJ29JvIOsBDEEnan5DPu9t3To9VRlMzA==
    dependencies:
      picomatch "^2.2.1"
  
  rechoir@^0.7.0:
    version "0.7.1"
    resolved "https://registry.npmjs.org/rechoir/-/rechoir-0.7.1.tgz"
    integrity sha512-/njmZ8s1wVeR6pjTZ+0nCnv8SpZNRMT2D1RLOJQESlYFDBvwpTA4KWJpZ+sBJ4+vhjILRcK7JIFdGCdxEAAitg==
    dependencies:
      resolve "^1.9.0"
  
  regenerator-runtime@^0.11.0:
    version "0.11.1"
    resolved "https://registry.npmjs.org/regenerator-runtime/-/regenerator-runtime-0.11.1.tgz"
    integrity sha512-MguG95oij0fC3QV3URf4V2SDYGJhJnJGqvIIgdECeODCT98wSWDAJ94SSuVpYQUoTcGUIL6L4yNB7j1DFFHSBg==
  
  registry-auth-token@^4.0.0:
    version "4.2.1"
    resolved "https://registry.npmjs.org/registry-auth-token/-/registry-auth-token-4.2.1.tgz"
    integrity sha512-6gkSb4U6aWJB4SF2ZvLb76yCBjcvufXBqvvEx1HbmKPkutswjW1xNVRY0+daljIYRbogN7O0etYSlbiaEQyMyw==
    dependencies:
      rc "^1.2.8"
  
  registry-url@^5.0.0:
    version "5.1.0"
    resolved "https://registry.npmjs.org/registry-url/-/registry-url-5.1.0.tgz"
    integrity sha512-8acYXXTI0AkQv6RAOjE3vOaIXZkT9wo4LOFbBKYQEEnnMNBpKqdUrI6S4NT0KPIo/WVvJ5tE/X5LF/TQUf0ekw==
    dependencies:
      rc "^1.2.8"
  
  repeat-string@^1.5.2:
    version "1.6.1"
    resolved "https://registry.npmjs.org/repeat-string/-/repeat-string-1.6.1.tgz"
    integrity sha1-jcrkcOHIirwtYA//Sndihtp15jc=
  
  resolve-cwd@^3.0.0:
    version "3.0.0"
    resolved "https://registry.npmjs.org/resolve-cwd/-/resolve-cwd-3.0.0.tgz"
    integrity sha512-OrZaX2Mb+rJCpH/6CpSqt9xFVpN++x01XnN2ie9g6P5/3xelLAkXWVADpdz1IHD/KFfEXyE6V0U01OQ3UO2rEg==
    dependencies:
      resolve-from "^5.0.0"
  
  resolve-from@^5.0.0:
    version "5.0.0"
    resolved "https://registry.npmjs.org/resolve-from/-/resolve-from-5.0.0.tgz"
    integrity sha512-qYg9KP24dD5qka9J47d0aVky0N+b4fTU89LN9iDnjB5waksiC49rvMB0PrUJQGoTmH50XPiqOvAjDfaijGxYZw==
  
  resolve@^1.1.6, resolve@^1.9.0:
    version "1.20.0"
    resolved "https://registry.npmjs.org/resolve/-/resolve-1.20.0.tgz"
    integrity sha512-wENBPt4ySzg4ybFQW2TT1zMQucPK95HSh/nq2CFTZVOGut2+pQvSsgtda4d26YrYcr067wjbmzOG8byDPBX63A==
    dependencies:
      is-core-module "^2.2.0"
      path-parse "^1.0.6"
  
  responselike@^1.0.2:
    version "1.0.2"
    resolved "https://registry.npmjs.org/responselike/-/responselike-1.0.2.tgz"
    integrity sha1-kYcg7ztjHFZCvgaPFa3lpG9Loec=
    dependencies:
      lowercase-keys "^1.0.0"
  
  right-align@^0.1.1:
    version "0.1.3"
    resolved "https://registry.npmjs.org/right-align/-/right-align-0.1.3.tgz"
    integrity sha1-YTObci/mo1FWiSENJOFMlhSGE+8=
    dependencies:
      align-text "^0.1.1"
  
  safe-buffer@5.1.2, safe-buffer@^5.1.0:
    version "5.1.2"
    resolved "https://registry.npmjs.org/safe-buffer/-/safe-buffer-5.1.2.tgz"
    integrity sha512-Gd2UZBJDkXlY7GbJxfsE8/nvKkUEU1G38c1siN6QP6a9PT9MmHB8GnpscSmMJSoF8LOIrt8ud/wPtojys4G6+g==
  
  "safer-buffer@>= 2.1.2 < 3":
    version "2.1.2"
    resolved "https://registry.npmjs.org/safer-buffer/-/safer-buffer-2.1.2.tgz"
    integrity sha512-YZo3K82SD7Riyi0E1EQPojLz7kpepnSQI9IyPbHHg1XXXevb5dJI7tpyN2ADxGcQbHG7vcyRHk0cbwqcQriUtg==
  
  scheduler@^0.20.2:
    version "0.20.2"
    resolved "https://registry.yarnpkg.com/scheduler/-/scheduler-0.20.2.tgz#4baee39436e34aa93b4874bddcbf0fe8b8b50e91"
    integrity sha512-2eWfGgAqqWFGqtdMmcL5zCMK1U8KlXv8SQFGglL3CEtd0aDVDWgeF/YoCmvln55m5zSk3J/20hTaSBeSObsQDQ==
    dependencies:
      loose-envify "^1.1.0"
      object-assign "^4.1.1"
  
  schema-utils@^3.1.0, schema-utils@^3.1.1:
    version "3.1.1"
    resolved "https://registry.npmjs.org/schema-utils/-/schema-utils-3.1.1.tgz"
    integrity sha512-Y5PQxS4ITlC+EahLuXaY86TXfR7Dc5lw294alXOq86JAHCihAIZfqv8nNCWvaEJvaC51uN9hbLGeV0cFBdH+Fw==
    dependencies:
      "@types/json-schema" "^7.0.8"
      ajv "^6.12.5"
      ajv-keywords "^3.5.2"
  
  semver-diff@^3.1.1:
    version "3.1.1"
    resolved "https://registry.npmjs.org/semver-diff/-/semver-diff-3.1.1.tgz"
    integrity sha512-GX0Ix/CJcHyB8c4ykpHGIAvLyOwOobtM/8d+TQkAd81/bEjgPHrfba41Vpesr7jX/t8Uh+R3EX9eAS5be+jQYg==
    dependencies:
      semver "^6.3.0"
  
  semver@^5.7.1:
    version "5.7.1"
    resolved "https://registry.npmjs.org/semver/-/semver-5.7.1.tgz"
    integrity sha512-sauaDf/PZdVgrLTNYHRtpXa1iRiKcaebiKQ1BJdpQlWH2lCvexQdX55snPFyK7QzpudqbCI0qXFfOasHdyNDGQ==
  
  semver@^6.0.0, semver@^6.2.0, semver@^6.3.0:
    version "6.3.0"
    resolved "https://registry.npmjs.org/semver/-/semver-6.3.0.tgz"
    integrity sha512-b39TBaTSfV6yBrapU89p5fKekE2m/NwnDocOVruQFS1/veMgdzuPcnOM34M6CwxW8jH/lxEa5rBoDeUwu5HHTw==
  
  semver@^7.3.4:
    version "7.3.5"
    resolved "https://registry.npmjs.org/semver/-/semver-7.3.5.tgz"
    integrity sha512-PoeGJYh8HK4BTO/a9Tf6ZG3veo/A7ZVsYrSA6J8ny9nb3B1VrpkuN+z9OE5wfE5p6H4LchYZsegiQgbJD94ZFQ==
    dependencies:
      lru-cache "^6.0.0"
  
  send@0.16.2:
    version "0.16.2"
    resolved "https://registry.npmjs.org/send/-/send-0.16.2.tgz"
    integrity sha512-E64YFPUssFHEFBvpbbjr44NCLtI1AohxQ8ZSiJjQLskAdKuriYEP6VyGEsRDH8ScozGpkaX1BGvhanqCwkcEZw==
    dependencies:
      debug "2.6.9"
      depd "~1.1.2"
      destroy "~1.0.4"
      encodeurl "~1.0.2"
      escape-html "~1.0.3"
      etag "~1.8.1"
      fresh "0.5.2"
      http-errors "~1.6.2"
      mime "1.4.1"
      ms "2.0.0"
      on-finished "~2.3.0"
      range-parser "~1.2.0"
      statuses "~1.4.0"
  
  serialize-javascript@^6.0.0:
    version "6.0.0"
    resolved "https://registry.npmjs.org/serialize-javascript/-/serialize-javascript-6.0.0.tgz"
    integrity sha512-Qr3TosvguFt8ePWqsvRfrKyQXIiW+nGbYpy8XK24NQHE83caxWt+mIymTT19DGFbNWNLfEwsrkSmN64lVWB9ag==
    dependencies:
      randombytes "^2.1.0"
  
  serve-static@1.13.2:
    version "1.13.2"
    resolved "https://registry.npmjs.org/serve-static/-/serve-static-1.13.2.tgz"
    integrity sha512-p/tdJrO4U387R9oMjb1oj7qSMaMfmOyd4j9hOFoxZe2baQszgHcSWjuya/CiT5kgZZKRudHNOA0pYXOl8rQ5nw==
    dependencies:
      encodeurl "~1.0.2"
      escape-html "~1.0.3"
      parseurl "~1.3.2"
      send "0.16.2"
  
  setprototypeof@1.1.0:
    version "1.1.0"
    resolved "https://registry.npmjs.org/setprototypeof/-/setprototypeof-1.1.0.tgz"
    integrity sha512-BvE/TwpZX4FXExxOxZyRGQQv651MSwmWKZGqvmPcRIjDqWub67kTKuIMx43cZZrS/cBBzwBcNDWoFxt2XEFIpQ==
  
  shallow-clone@^3.0.0:
    version "3.0.1"
    resolved "https://registry.npmjs.org/shallow-clone/-/shallow-clone-3.0.1.tgz"
    integrity sha512-/6KqX+GVUdqPuPPd2LxDDxzX6CAbjJehAAOKlNpqqUpAqPM6HeL8f+o3a+JsyGjn2lv0WY8UsTgUJjU9Ok55NA==
    dependencies:
      kind-of "^6.0.2"
  
  shebang-command@^2.0.0:
    version "2.0.0"
    resolved "https://registry.npmjs.org/shebang-command/-/shebang-command-2.0.0.tgz"
    integrity sha512-kHxr2zZpYtdmrN1qDjrrX/Z1rR1kG8Dx+gkpK1G4eXmvXswmcE1hTWBWYUzlraYw1/yZp6YuDY77YtvbN0dmDA==
    dependencies:
      shebang-regex "^3.0.0"
  
  shebang-regex@^3.0.0:
    version "3.0.0"
    resolved "https://registry.npmjs.org/shebang-regex/-/shebang-regex-3.0.0.tgz"
    integrity sha512-7++dFhtcx3353uBaq8DDR4NuxBetBzC7ZQOhmTQInHEd6bSrXdiEyzCvG07Z44UYdLShWUyXt5M/yhz8ekcb1A==
  
  signal-exit@^3.0.2, signal-exit@^3.0.3:
    version "3.0.6"
    resolved "https://registry.npmjs.org/signal-exit/-/signal-exit-3.0.6.tgz"
    integrity sha512-sDl4qMFpijcGw22U5w63KmD3cZJfBuFlVNbVMKje2keoKML7X2UzWbc4XrmEbDwg0NXJc3yv4/ox7b+JWb57kQ==
  
  source-map-support@~0.5.20:
    version "0.5.21"
    resolved "https://registry.npmjs.org/source-map-support/-/source-map-support-0.5.21.tgz"
    integrity sha512-uBHU3L3czsIyYXKX88fdrGovxdSCoTGDRZ6SYXtSRxLZUzHg5P/66Ht6uoUlHu9EZod+inXhKo3qQgwXUT/y1w==
    dependencies:
      buffer-from "^1.0.0"
      source-map "^0.6.0"
  
  source-map@0.4.x:
    version "0.4.4"
    resolved "https://registry.npmjs.org/source-map/-/source-map-0.4.4.tgz"
    integrity sha1-66T12pwNyZneaAMti092FzZSA2s=
    dependencies:
      amdefine ">=0.0.4"
  
  source-map@^0.6.0, source-map@^0.6.1:
    version "0.6.1"
    resolved "https://registry.npmjs.org/source-map/-/source-map-0.6.1.tgz"
    integrity sha512-UjgapumWlbMhkBgzT7Ykc5YXUT46F0iKu8SGXq0bcwP5dz/h0Plj6enJqjz1Zbq2l5WaqYnrVbwWOWMyF3F47g==
  
  source-map@~0.5.1:
    version "0.5.7"
    resolved "https://registry.npmjs.org/source-map/-/source-map-0.5.7.tgz"
    integrity sha1-igOdLRAh0i0eoUyA2OpGi6LvP8w=
  
  source-map@~0.7.2:
    version "0.7.3"
    resolved "https://registry.npmjs.org/source-map/-/source-map-0.7.3.tgz"
    integrity sha512-CkCj6giN3S+n9qrYiBTX5gystlENnRW5jZeNLHpe6aue+SrHcG5VYwujhW9s4dY31mEGsxBDrHR6oI69fTXsaQ==
  
  "statuses@>= 1.4.0 < 2", statuses@~1.4.0:
    version "1.4.0"
    resolved "https://registry.npmjs.org/statuses/-/statuses-1.4.0.tgz"
    integrity sha512-zhSCtt8v2NDrRlPQpCNtw/heZLtfUDqxBM1udqikb/Hbk52LK4nQSwr10u77iopCW5LsyHpuXS0GnEc48mLeew==
  
  string-width@^4.0.0, string-width@^4.1.0, string-width@^4.2.2:
    version "4.2.3"
    resolved "https://registry.npmjs.org/string-width/-/string-width-4.2.3.tgz"
    integrity sha512-wKyQRQpjJ0sIp62ErSZdGsjMJWsap5oRNihHhu6G7JVO/9jIB6UyevL+tXuOqrng8j/cxKTWyWUwvSTriiZz/g==
    dependencies:
      emoji-regex "^8.0.0"
      is-fullwidth-code-point "^3.0.0"
      strip-ansi "^6.0.1"
  
  strip-ansi@^6.0.0, strip-ansi@^6.0.1:
    version "6.0.1"
    resolved "https://registry.npmjs.org/strip-ansi/-/strip-ansi-6.0.1.tgz"
    integrity sha512-Y38VPSHcqkFrCpFnQ9vuSXmquuv5oXOKpGeT6aGrr3o3Gc9AlVa6JBfUSOCnbxGGZF+/0ooI7KrPuUSztUdU5A==
    dependencies:
      ansi-regex "^5.0.1"
  
  strip-final-newline@^2.0.0:
    version "2.0.0"
    resolved "https://registry.npmjs.org/strip-final-newline/-/strip-final-newline-2.0.0.tgz"
    integrity sha512-BrpvfNAE3dcvq7ll3xVumzjKjZQ5tI1sEUIKr3Uoks0XUl45St3FlatVqef9prk4jRDzhW6WZg+3bk93y6pLjA==
  
  strip-json-comments@~2.0.1:
    version "2.0.1"
    resolved "https://registry.npmjs.org/strip-json-comments/-/strip-json-comments-2.0.1.tgz"
    integrity sha1-PFMZQukIwml8DsNEhYwobHygpgo=
  
  supports-color@^5.5.0:
    version "5.5.0"
    resolved "https://registry.npmjs.org/supports-color/-/supports-color-5.5.0.tgz"
    integrity sha512-QjVjwdXIt408MIiAqCX4oUKsgU2EqAGzs2Ppkm4aQYbjm+ZEWEcW4SfFNTr4uMNZma0ey4f5lgLrkB0aX0QMow==
    dependencies:
      has-flag "^3.0.0"
  
  supports-color@^7.1.0:
    version "7.2.0"
    resolved "https://registry.npmjs.org/supports-color/-/supports-color-7.2.0.tgz"
    integrity sha512-qpCAvRl9stuOHveKsn7HncJRvv501qIacKzQlO/+Lwxc9+0q2wLyv4Dfvt80/DPn2pqOBsJdDiogXGR9+OvwRw==
    dependencies:
      has-flag "^4.0.0"
  
  supports-color@^8.0.0:
    version "8.1.1"
    resolved "https://registry.npmjs.org/supports-color/-/supports-color-8.1.1.tgz"
    integrity sha512-MpUEN2OodtUzxvKQl72cUF7RQ5EiHsGvSsVG0ia9c5RbWGL2CI4C7EpPS8UTBIplnlzZiNuV56w+FuNxy3ty2Q==
    dependencies:
      has-flag "^4.0.0"
  
  tapable@^2.1.1, tapable@^2.2.0:
    version "2.2.1"
    resolved "https://registry.npmjs.org/tapable/-/tapable-2.2.1.tgz"
    integrity sha512-GNzQvQTOIP6RyTfE2Qxb8ZVlNmw0n88vp1szwWRimP02mnTsx3Wtn5qRdqY9w2XduFNUgvOwhNnQsjwCp+kqaQ==
  
  terser-webpack-plugin@^5.1.3:
    version "5.2.5"
    resolved "https://registry.npmjs.org/terser-webpack-plugin/-/terser-webpack-plugin-5.2.5.tgz"
    integrity sha512-3luOVHku5l0QBeYS8r4CdHYWEGMmIj3H1U64jgkdZzECcSOJAyJ9TjuqcQZvw1Y+4AOBN9SeYJPJmFn2cM4/2g==
    dependencies:
      jest-worker "^27.0.6"
      schema-utils "^3.1.1"
      serialize-javascript "^6.0.0"
      source-map "^0.6.1"
      terser "^5.7.2"
  
  terser@^5.7.2:
    version "5.10.0"
    resolved "https://registry.npmjs.org/terser/-/terser-5.10.0.tgz"
    integrity sha512-AMmF99DMfEDiRJfxfY5jj5wNH/bYO09cniSqhfoyxc8sFoYIgkJy86G04UoZU5VjlpnplVu0K6Tx6E9b5+DlHA==
    dependencies:
      commander "^2.20.0"
      source-map "~0.7.2"
      source-map-support "~0.5.20"
  
  to-fast-properties@^1.0.3:
    version "1.0.3"
    resolved "https://registry.npmjs.org/to-fast-properties/-/to-fast-properties-1.0.3.tgz"
    integrity sha1-uDVx+k2MJbguIxsG46MFXeTKGkc=
  
  to-readable-stream@^1.0.0:
    version "1.0.0"
    resolved "https://registry.npmjs.org/to-readable-stream/-/to-readable-stream-1.0.0.tgz"
    integrity sha512-Iq25XBt6zD5npPhlLVXGFN3/gyR2/qODcKNNyTMd4vbm39HUaOiAM4PMq0eMVC/Tkxz+Zjdsc55g9yyz+Yq00Q==
  
  to-regex-range@^5.0.1:
    version "5.0.1"
    resolved "https://registry.npmjs.org/to-regex-range/-/to-regex-range-5.0.1.tgz"
    integrity sha512-65P7iz6X5yEr1cwcgvQxbbIw7Uk3gOy5dIdtZ4rDveLqhrdJP+Li/Hx6tyK0NEb+2GCyneCMJiGqrADCSNk8sQ==
    dependencies:
      is-number "^7.0.0"
  
  token-stream@0.0.1:
    version "0.0.1"
    resolved "https://registry.npmjs.org/token-stream/-/token-stream-0.0.1.tgz"
    integrity sha1-zu78cXp2xDFvEm0LnbqlXX598Bo=
  
  touch@^3.1.0:
    version "3.1.0"
    resolved "https://registry.npmjs.org/touch/-/touch-3.1.0.tgz"
    integrity sha512-WBx8Uy5TLtOSRtIq+M03/sKDrXCLHxwDcquSP2c43Le03/9serjQBIztjRz6FkJez9D/hleyAXTBGLwwZUw9lA==
    dependencies:
      nopt "~1.0.10"
  
  type-fest@^0.20.2:
    version "0.20.2"
    resolved "https://registry.npmjs.org/type-fest/-/type-fest-0.20.2.tgz"
    integrity sha512-Ne+eE4r0/iWnpAxD852z3A+N0Bt5RN//NjJwRd2VFHEmrywxf5vsZlh4R6lixl6B+wz/8d+maTSAkN1FIkI3LQ==
  
  type-is@~1.6.16:
    version "1.6.18"
    resolved "https://registry.npmjs.org/type-is/-/type-is-1.6.18.tgz"
    integrity sha512-TkRKr9sUTxEH8MdfuCSP7VizJyzRNMjj2J2do2Jr3Kym598JVdEksuzPQCnlFPW4ky9Q+iA+ma9BGm06XQBy8g==
    dependencies:
      media-typer "0.3.0"
      mime-types "~2.1.24"
  
  typedarray-to-buffer@^3.1.5:
    version "3.1.5"
    resolved "https://registry.npmjs.org/typedarray-to-buffer/-/typedarray-to-buffer-3.1.5.tgz"
    integrity sha512-zdu8XMNEDepKKR+XYOXAVPtWui0ly0NtohUscw+UmaHiAWT8hrV1rr//H6V+0DvJ3OQ19S979M0laLfX8rm82Q==
    dependencies:
      is-typedarray "^1.0.0"
  
  uglify-js@^2.6.1:
    version "2.8.29"
    resolved "https://registry.npmjs.org/uglify-js/-/uglify-js-2.8.29.tgz"
    integrity sha1-KcVzMUgFe7Th913zW3qcty5qWd0=
    dependencies:
      source-map "~0.5.1"
      yargs "~3.10.0"
    optionalDependencies:
      uglify-to-browserify "~1.0.0"
  
  uglify-to-browserify@~1.0.0:
    version "1.0.2"
    resolved "https://registry.npmjs.org/uglify-to-browserify/-/uglify-to-browserify-1.0.2.tgz"
    integrity sha1-bgkk1r2mta/jSeOabWMoUKD4grc=
  
  undefsafe@^2.0.5:
    version "2.0.5"
    resolved "https://registry.npmjs.org/undefsafe/-/undefsafe-2.0.5.tgz"
    integrity sha512-WxONCrssBM8TSPRqN5EmsjVrsv4A8X12J4ArBiiayv3DyyG3ZlIg6yysuuSYdZsVz3TKcTg2fd//Ujd4CHV1iA==
  
  unique-string@^2.0.0:
    version "2.0.0"
    resolved "https://registry.npmjs.org/unique-string/-/unique-string-2.0.0.tgz"
    integrity sha512-uNaeirEPvpZWSgzwsPGtU2zVSTrn/8L5q/IexZmH0eH6SA73CmAA5U4GwORTxQAZs95TAXLNqeLoPPNO5gZfWg==
    dependencies:
      crypto-random-string "^2.0.0"
  
  unpipe@1.0.0, unpipe@~1.0.0:
    version "1.0.0"
    resolved "https://registry.npmjs.org/unpipe/-/unpipe-1.0.0.tgz"
    integrity sha1-sr9O6FFKrmFltIF4KdIbLvSZBOw=
  
  update-notifier@^5.1.0:
    version "5.1.0"
    resolved "https://registry.npmjs.org/update-notifier/-/update-notifier-5.1.0.tgz"
    integrity sha512-ItnICHbeMh9GqUy31hFPrD1kcuZ3rpxDZbf4KUDavXwS0bW5m7SLbDQpGX3UYr072cbrF5hFUs3r5tUsPwjfHw==
    dependencies:
      boxen "^5.0.0"
      chalk "^4.1.0"
      configstore "^5.0.1"
      has-yarn "^2.1.0"
      import-lazy "^2.1.0"
      is-ci "^2.0.0"
      is-installed-globally "^0.4.0"
      is-npm "^5.0.0"
      is-yarn-global "^0.3.0"
      latest-version "^5.1.0"
      pupa "^2.1.1"
      semver "^7.3.4"
      semver-diff "^3.1.1"
      xdg-basedir "^4.0.0"
  
  uri-js@^4.2.2:
    version "4.4.1"
    resolved "https://registry.npmjs.org/uri-js/-/uri-js-4.4.1.tgz"
    integrity sha512-7rKUyy33Q1yc98pQ1DAmLtwX109F7TIfWlW1Ydo8Wl1ii1SeHieeh0HHfPeL2fMXK6z0s8ecKs9frCuLJvndBg==
    dependencies:
      punycode "^2.1.0"
  
  url-parse-lax@^3.0.0:
    version "3.0.0"
    resolved "https://registry.npmjs.org/url-parse-lax/-/url-parse-lax-3.0.0.tgz"
    integrity sha1-FrXK/Afb42dsGxmZF3gj1lA6yww=
    dependencies:
      prepend-http "^2.0.0"
  
  utils-merge@1.0.1:
    version "1.0.1"
    resolved "https://registry.npmjs.org/utils-merge/-/utils-merge-1.0.1.tgz"
    integrity sha1-n5VxD1CiZ5R7LMwSR0HBAoQn5xM=
  
  vary@~1.1.2:
    version "1.1.2"
    resolved "https://registry.npmjs.org/vary/-/vary-1.1.2.tgz"
    integrity sha1-IpnwLG3tMNSllhsLn3RSShj2NPw=
  
  void-elements@^2.0.1:
    version "2.0.1"
    resolved "https://registry.npmjs.org/void-elements/-/void-elements-2.0.1.tgz"
    integrity sha1-wGavtYK7HLQSjWDqkjkulNXp2+w=
  
  watchpack@^2.2.0:
    version "2.2.0"
    resolved "https://registry.npmjs.org/watchpack/-/watchpack-2.2.0.tgz"
    integrity sha512-up4YAn/XHgZHIxFBVCdlMiWDj6WaLKpwVeGQk2I5thdYxF/KmF0aaz6TfJZ/hfl1h/XlcDr7k1KH7ThDagpFaA==
    dependencies:
      glob-to-regexp "^0.4.1"
      graceful-fs "^4.1.2"
  
  webpack-cli@^4.9.1:
    version "4.9.1"
    resolved "https://registry.npmjs.org/webpack-cli/-/webpack-cli-4.9.1.tgz"
    integrity sha512-JYRFVuyFpzDxMDB+v/nanUdQYcZtqFPGzmlW4s+UkPMFhSpfRNmf1z4AwYcHJVdvEFAM7FFCQdNTpsBYhDLusQ==
    dependencies:
      "@discoveryjs/json-ext" "^0.5.0"
      "@webpack-cli/configtest" "^1.1.0"
      "@webpack-cli/info" "^1.4.0"
      "@webpack-cli/serve" "^1.6.0"
      colorette "^2.0.14"
      commander "^7.0.0"
      execa "^5.0.0"
      fastest-levenshtein "^1.0.12"
      import-local "^3.0.2"
      interpret "^2.2.0"
      rechoir "^0.7.0"
      webpack-merge "^5.7.3"
  
  webpack-merge@^5.7.3:
    version "5.8.0"
    resolved "https://registry.npmjs.org/webpack-merge/-/webpack-merge-5.8.0.tgz"
    integrity sha512-/SaI7xY0831XwP6kzuwhKWVKDP9t1QY1h65lAFLbZqMPIuYcD9QAW4u9STIbU9kaJbPBB/geU/gLr1wDjOhQ+Q==
    dependencies:
      clone-deep "^4.0.1"
      wildcard "^2.0.0"
  
  webpack-sources@^3.2.2:
    version "3.2.2"
    resolved "https://registry.npmjs.org/webpack-sources/-/webpack-sources-3.2.2.tgz"
    integrity sha512-cp5qdmHnu5T8wRg2G3vZZHoJPN14aqQ89SyQ11NpGH5zEMDCclt49rzo+MaRazk7/UeILhAI+/sEtcM+7Fr0nw==
  
  webpack@^5.64.1:
    version "5.64.1"
    resolved "https://registry.npmjs.org/webpack/-/webpack-5.64.1.tgz"
    integrity sha512-b4FHmRgaaAjP+aVOVz41a9Qa5SmkUPQ+u8FntTQ1roPHahSComB6rXnLwc976VhUY4CqTaLu5mCswuHiNhOfVw==
    dependencies:
      "@types/eslint-scope" "^3.7.0"
      "@types/estree" "^0.0.50"
      "@webassemblyjs/ast" "1.11.1"
      "@webassemblyjs/wasm-edit" "1.11.1"
      "@webassemblyjs/wasm-parser" "1.11.1"
      acorn "^8.4.1"
      acorn-import-assertions "^1.7.6"
      browserslist "^4.14.5"
      chrome-trace-event "^1.0.2"
      enhanced-resolve "^5.8.3"
      es-module-lexer "^0.9.0"
      eslint-scope "5.1.1"
      events "^3.2.0"
      glob-to-regexp "^0.4.1"
      graceful-fs "^4.2.4"
      json-parse-better-errors "^1.0.2"
      loader-runner "^4.2.0"
      mime-types "^2.1.27"
      neo-async "^2.6.2"
      schema-utils "^3.1.0"
      tapable "^2.1.1"
      terser-webpack-plugin "^5.1.3"
      watchpack "^2.2.0"
      webpack-sources "^3.2.2"
  
  which@^2.0.1:
    version "2.0.2"
    resolved "https://registry.npmjs.org/which/-/which-2.0.2.tgz"
    integrity sha512-BLI3Tl1TW3Pvl70l3yq3Y64i+awpwXqsGBYWkkqMtnbXgrMD+yj7rhW0kuEDxzJaYXGjEW5ogapKNMEKNMjibA==
    dependencies:
      isexe "^2.0.0"
  
  widest-line@^3.1.0:
    version "3.1.0"
    resolved "https://registry.npmjs.org/widest-line/-/widest-line-3.1.0.tgz"
    integrity sha512-NsmoXalsWVDMGupxZ5R08ka9flZjjiLvHVAWYOKtiKM8ujtZWr9cRffak+uSE48+Ob8ObalXpwyeUiyDD6QFgg==
    dependencies:
      string-width "^4.0.0"
  
  wildcard@^2.0.0:
    version "2.0.0"
    resolved "https://registry.npmjs.org/wildcard/-/wildcard-2.0.0.tgz"
    integrity sha512-JcKqAHLPxcdb9KM49dufGXn2x3ssnfjbcaQdLlfZsL9rH9wgDQjUtDxbo8NE0F6SFvydeu1VhZe7hZuHsB2/pw==
  
  window-size@0.1.0:
    version "0.1.0"
    resolved "https://registry.npmjs.org/window-size/-/window-size-0.1.0.tgz"
    integrity sha1-VDjNLqk7IC76Ohn+iIeu58lPnJ0=
  
  with@^5.0.0:
    version "5.1.1"
    resolved "https://registry.npmjs.org/with/-/with-5.1.1.tgz"
    integrity sha1-+k2qktrzLE6pTtRTyB8EaGtXXf4=
    dependencies:
      acorn "^3.1.0"
      acorn-globals "^3.0.0"
  
  wordwrap@0.0.2:
    version "0.0.2"
    resolved "https://registry.npmjs.org/wordwrap/-/wordwrap-0.0.2.tgz"
    integrity sha1-t5Zpu0LstAn4PVg8rVLKF+qhZD8=
  
  wrap-ansi@^7.0.0:
    version "7.0.0"
    resolved "https://registry.npmjs.org/wrap-ansi/-/wrap-ansi-7.0.0.tgz"
    integrity sha512-YVGIj2kamLSTxw6NsZjoBxfSwsn0ycdesmc4p+Q21c5zPuZ1pl+NfxVdxPtdHvmNVOQ6XSYG4AUtyt/Fi7D16Q==
    dependencies:
      ansi-styles "^4.0.0"
      string-width "^4.1.0"
      strip-ansi "^6.0.0"
  
  wrappy@1:
    version "1.0.2"
    resolved "https://registry.npmjs.org/wrappy/-/wrappy-1.0.2.tgz"
    integrity sha1-tSQ9jz7BqjXxNkYFvA0QNuMKtp8=
  
  write-file-atomic@^3.0.0:
    version "3.0.3"
    resolved "https://registry.npmjs.org/write-file-atomic/-/write-file-atomic-3.0.3.tgz"
    integrity sha512-AvHcyZ5JnSfq3ioSyjrBkH9yW4m7Ayk8/9My/DD9onKeu/94fwrMocemO2QAJFAlnnDN+ZDS+ZjAR5ua1/PV/Q==
    dependencies:
      imurmurhash "^0.1.4"
      is-typedarray "^1.0.0"
      signal-exit "^3.0.2"
      typedarray-to-buffer "^3.1.5"
  
  xdg-basedir@^4.0.0:
    version "4.0.0"
    resolved "https://registry.npmjs.org/xdg-basedir/-/xdg-basedir-4.0.0.tgz"
    integrity sha512-PSNhEJDejZYV7h50BohL09Er9VaIefr2LMAf3OEmpCkjOi34eYyQYAXUTjEQtZJTKcF0E2UKTh+osDLsgNim9Q==
  
  yallist@^4.0.0:
    version "4.0.0"
    resolved "https://registry.npmjs.org/yallist/-/yallist-4.0.0.tgz"
    integrity sha512-3wdGidZyq5PB084XLES5TpOSRA3wjXAlIWMhum2kRcv/41Sn2emQ0dycQW4uZXLejwKvg6EsvbdlVL+FYEct7A==
  
  yargs@~3.10.0:
    version "3.10.0"
    resolved "https://registry.npmjs.org/yargs/-/yargs-3.10.0.tgz"
    integrity sha1-9+572FfdfB0tOMDnTvvWgdFDH9E=
    dependencies:
      camelcase "^1.0.2"
      cliui "^2.1.0"
      decamelize "^1.0.0"
      window-size "0.1.0"
